#
# A fatal error has been detected by the Java Runtime Environment:
#
#  EXCEPTION_ACCESS_VIOLATION (0xc0000005) at pc=0x00007ffaf22fa000, pid=2668, tid=0x0000000000000e20
#
# JRE version: Java(TM) SE Runtime Environment (8.0_112-b15) (build 1.8.0_112-b15)
# Java VM: Java HotSpot(TM) 64-Bit Server VM (25.112-b15 mixed mode windows-amd64 compressed oops)
# Problematic frame:
# C  [KERNELBASE.dll+0x2a000]
#
# Failed to write core dump. Minidumps are not enabled by default on client versions of Windows
#
# If you would like to submit a bug report, please visit:
#   http://bugreport.java.com/bugreport/crash.jsp
# The crash happened outside the Java Virtual Machine in native code.
# See problematic frame for where to report the bug.
#

---------------  T H R E A D  ---------------

Current thread (0x000000001d8f6800):  JavaThread "JavaFX Application Thread" [_thread_in_native, id=3616, stack(0x000000001e370000,0x000000001e470000)]

siginfo: ExceptionCode=0xc0000005, reading address 0x000000002257f038

Registers:
RAX=0x0000000000000001, RBX=0x000000002257f038, RCX=0x0000000000000000, RDX=0x0000000000000001
RSP=0x000000001e46c700, RBP=0x000000001e46c779, RSI=0x00007ff6fe57001c, RDI=0x000000001e46c800
R8 =0x000000002257f038, R9 =0x0000000000000001, R10=0x00007ff6fe570002, R11=0x000000002257f039
R12=0x000000001e46c800, R13=0x00000000004939d0, R14=0x0000000000000001, R15=0x0000000000000001
RIP=0x00007ffaf22fa000, EFLAGS=0x0000000000010202

Top of Stack: (sp=0x000000001e46c700)
0x000000001e46c700:   0000000000490000 00007ffaf22fa030
0x000000001e46c710:   0000000000000000 0000000000000004
0x000000001e46c720:   0000000000000000 0000000000000020
0x000000001e46c730:   0000000000000002 00007ffaf5be58d4
0x000000001e46c740:   0000000000180000 000000002257f039
0x000000001e46c750:   0000000000000000 0000000000000000
0x000000001e46c760:   0000000000000000 0000000000000000
0x000000001e46c770:   00009bc02d7e1d33 00007ffaf5be58d4
0x000000001e46c780:   00009bc02d7e1d23 0000000000000000
0x000000001e46c790:   0000000000000001 0000000000000001
0x000000001e46c7a0:   0000000022504af0 0000000000000001
0x000000001e46c7b0:   000000002257f038 000000001e46c800
0x000000001e46c7c0:   000000001e46c810 0000000063d22659
0x000000001e46c7d0:   0000000000000001 0000000063d22601
0x000000001e46c7e0:   0000000000000001 0000000022500000
0x000000001e46c7f0:   000000001e46c800 00007ffa00000001 

Instructions: (pc=0x00007ffaf22fa000)
0x00007ffaf22f9fe0:   f0 f6 c1 08 0f 85 f1 01 00 00 4d 3b fe 0f 8c e2
0x00007ffaf22f9ff0:   02 00 00 41 8b d6 45 85 f6 7e 1d 0f 1f 44 00 00
0x00007ffaf22fa000:   0f b6 03 48 8d 7f 02 48 ff c3 ff ca 0f b7 0c 46
0x00007ffaf22fa010:   66 89 4f fe 85 d2 7f e8 49 3b db 0f 82 a3 02 00 


Register to memory mapping:

RAX=0x0000000000000001 is an unknown value
RBX=0x000000002257f038 is an unknown value
RCX=0x0000000000000000 is an unknown value
RDX=0x0000000000000001 is an unknown value
RSP=0x000000001e46c700 is pointing into the stack for thread: 0x000000001d8f6800
RBP=0x000000001e46c779 is pointing into the stack for thread: 0x000000001d8f6800
RSI=0x00007ff6fe57001c is an unknown value
RDI=0x000000001e46c800 is pointing into the stack for thread: 0x000000001d8f6800
R8 =0x000000002257f038 is an unknown value
R9 =0x0000000000000001 is an unknown value
R10=0x00007ff6fe570002 is an unknown value
R11=0x000000002257f039 is an unknown value
R12=0x000000001e46c800 is pointing into the stack for thread: 0x000000001d8f6800
R13=0x00000000004939d0 is an unknown value
R14=0x0000000000000001 is an unknown value
R15=0x0000000000000001 is an unknown value


Stack: [0x000000001e370000,0x000000001e470000],  sp=0x000000001e46c700,  free space=1009k
Native frames: (J=compiled Java code, j=interpreted, Vv=VM code, C=native code)
C  [KERNELBASE.dll+0x2a000]
C  [glass.dll+0x22659]
C  [glass.dll+0xbb9d]
C  [glass.dll+0x11762]
C  [glass.dll+0xd27e]
C  [glass.dll+0xa255]
C  [glass.dll+0x17e8]
C  [USER32.dll+0x11169]
C  [USER32.dll+0x108f5]
C  [USER32.dll+0x1065b]
C  [glass.dll+0x13a9f]
C  0x0000000002337f74

Java frames: (J=compiled Java code, j=interpreted, Vv=VM code)
j  com.sun.glass.ui.win.WinSystemClipboard.popMimesFromSystem()[Ljava/lang/String;+0
j  com.sun.glass.ui.win.WinSystemClipboard.mimesFromSystem()[Ljava/lang/String;+10
j  com.sun.glass.ui.SystemClipboard.getMimeTypes()[Ljava/lang/String;+16
j  com.sun.glass.ui.ClipboardAssistance.getMimeTypes()[Ljava/lang/String;+7
j  com.sun.javafx.tk.quantum.QuantumClipboard.hasContent(Ljavafx/scene/input/DataFormat;)Z+69
j  javafx.scene.input.Clipboard.hasContent(Ljavafx/scene/input/DataFormat;)Z+11
j  javafx.scene.input.Clipboard.hasString()Z+4
j  javafx.scene.control.TextInputControl.paste()V+5
j  com.sun.javafx.scene.control.behavior.TextInputControlBehavior.paste()V+9
j  com.sun.javafx.scene.control.behavior.TextInputControlBehavior.callAction(Ljava/lang/String;)V+75
j  com.sun.javafx.scene.control.behavior.BehaviorBase.callActionForEvent(Ljavafx/scene/input/KeyEvent;)V+12
j  com.sun.javafx.scene.control.behavior.TextInputControlBehavior.callActionForEvent(Ljavafx/scene/input/KeyEvent;)V+7
j  com.sun.javafx.scene.control.behavior.BehaviorBase.lambda$new$74(Ljavafx/scene/input/KeyEvent;)V+9
j  com.sun.javafx.scene.control.behavior.BehaviorBase$$Lambda$144.handle(Ljavafx/event/Event;)V+8
j  com.sun.javafx.event.CompositeEventHandler$NormalEventHandlerRecord.handleBubblingEvent(Ljavafx/event/Event;)V+5
j  com.sun.javafx.event.CompositeEventHandler.dispatchBubblingEvent(Ljavafx/event/Event;)V+28
J 1279 C1 com.sun.javafx.event.EventHandlerManager.dispatchBubblingEvent(Ljavafx/event/EventType;Ljavafx/event/Event;)Ljavafx/event/Event; (34 bytes) @ 0x000000000276e874 [0x000000000276e300+0x574]
j  com.sun.javafx.event.EventHandlerManager.dispatchBubblingEvent(Ljavafx/event/Event;)Ljavafx/event/Event;+8
j  com.sun.javafx.event.CompositeEventDispatcher.dispatchBubblingEvent(Ljavafx/event/Event;)Ljavafx/event/Event;+11
j  com.sun.javafx.event.BasicEventDispatcher.dispatchEvent(Ljavafx/event/Event;Ljavafx/event/EventDispatchChain;)Ljavafx/event/Event;+29
J 1358 C1 com.sun.javafx.event.EventDispatchChainImpl.dispatchEvent(Ljavafx/event/Event;)Ljavafx/event/Event; (101 bytes) @ 0x000000000278de7c [0x000000000278dcc0+0x1bc]
j  com.sun.javafx.event.BasicEventDispatcher.dispatchEvent(Ljavafx/event/Event;Ljavafx/event/EventDispatchChain;)Ljavafx/event/Event;+17
J 1358 C1 com.sun.javafx.event.EventDispatchChainImpl.dispatchEvent(Ljavafx/event/Event;)Ljavafx/event/Event; (101 bytes) @ 0x000000000278de7c [0x000000000278dcc0+0x1bc]
j  com.sun.javafx.event.BasicEventDispatcher.dispatchEvent(Ljavafx/event/Event;Ljavafx/event/EventDispatchChain;)Ljavafx/event/Event;+17
J 1358 C1 com.sun.javafx.event.EventDispatchChainImpl.dispatchEvent(Ljavafx/event/Event;)Ljavafx/event/Event; (101 bytes) @ 0x000000000278de7c [0x000000000278dcc0+0x1bc]
j  com.sun.javafx.event.EventUtil.fireEventImpl(Ljavafx/event/EventDispatchChain;Ljavafx/event/EventTarget;Ljavafx/event/Event;)Ljavafx/event/Event;+10
j  com.sun.javafx.event.EventUtil.fireEvent(Ljavafx/event/EventTarget;Ljavafx/event/Event;)Ljavafx/event/Event;+46
j  javafx.event.Event.fireEvent(Ljavafx/event/EventTarget;Ljavafx/event/Event;)V+30
j  javafx.scene.Scene$KeyHandler.process(Ljavafx/scene/input/KeyEvent;)V+23
j  javafx.scene.Scene$KeyHandler.access$1800(Ljavafx/scene/Scene$KeyHandler;Ljavafx/scene/input/KeyEvent;)V+2
j  javafx.scene.Scene.impl_processKeyEvent(Ljavafx/scene/input/KeyEvent;)V+28
j  javafx.scene.Scene$ScenePeerListener.keyEvent(Ljavafx/scene/input/KeyEvent;)V+5
j  com.sun.javafx.tk.quantum.GlassViewEventHandler$KeyEventNotification.run()Ljava/lang/Void;+357
j  com.sun.javafx.tk.quantum.GlassViewEventHandler$KeyEventNotification.run()Ljava/lang/Object;+1
v  ~StubRoutines::call_stub
J 1300  java.security.AccessController.doPrivileged(Ljava/security/PrivilegedAction;Ljava/security/AccessControlContext;)Ljava/lang/Object; (0 bytes) @ 0x000000000277c7a6 [0x000000000277c740+0x66]
j  com.sun.javafx.tk.quantum.GlassViewEventHandler.lambda$handleKeyEvent$353()Ljava/lang/Void;+11
j  com.sun.javafx.tk.quantum.GlassViewEventHandler$$Lambda$201.get()Ljava/lang/Object;+4
j  com.sun.javafx.tk.quantum.QuantumToolkit.runWithoutRenderLock(Ljava/util/function/Supplier;)Ljava/lang/Object;+18
j  com.sun.javafx.tk.quantum.GlassViewEventHandler.handleKeyEvent(Lcom/sun/glass/ui/View;JII[CI)V+58
j  com.sun.glass.ui.View.handleKeyEvent(JII[CI)V+20
j  com.sun.glass.ui.View.notifyKey(II[CI)V+9
v  ~StubRoutines::call_stub
j  com.sun.glass.ui.win.WinApplication._runLoop(Ljava/lang/Runnable;)V+0
j  com.sun.glass.ui.win.WinApplication.lambda$null$148(ILjava/lang/Runnable;)V+8
j  com.sun.glass.ui.win.WinApplication$$Lambda$38.run()V+12
j  java.lang.Thread.run()V+11
v  ~StubRoutines::call_stub

---------------  P R O C E S S  ---------------

Java Threads: ( => current thread )
  0x000000001dbdc000 JavaThread "Prism Font Disposer" daemon [_thread_blocked, id=7552, stack(0x0000000024b60000,0x0000000024c60000)]
  0x000000001d93b800 JavaThread "Thread-3" daemon [_thread_in_native, id=7864, stack(0x0000000022a10000,0x0000000022b10000)]
  0x000000001d94b000 JavaThread "JavaFX-Launcher" [_thread_blocked, id=1932, stack(0x0000000022b10000,0x0000000022c10000)]
=>0x000000001d8f6800 JavaThread "JavaFX Application Thread" [_thread_in_native, id=3616, stack(0x000000001e370000,0x000000001e470000)]
  0x000000001d8ac000 JavaThread "Thread-1" daemon [_thread_blocked, id=3760, stack(0x000000001e270000,0x000000001e370000)]
  0x000000001d877800 JavaThread "QuantumRenderer-0" daemon [_thread_blocked, id=4832, stack(0x000000001e050000,0x000000001e150000)]
  0x000000001d2ca000 JavaThread "Service Thread" daemon [_thread_blocked, id=8012, stack(0x000000001d650000,0x000000001d750000)]
  0x000000001b90c800 JavaThread "C1 CompilerThread2" daemon [_thread_blocked, id=280, stack(0x000000001d150000,0x000000001d250000)]
  0x000000001b909800 JavaThread "C2 CompilerThread1" daemon [_thread_blocked, id=232, stack(0x000000001d050000,0x000000001d150000)]
  0x000000001b906000 JavaThread "C2 CompilerThread0" daemon [_thread_blocked, id=5100, stack(0x000000001cf50000,0x000000001d050000)]
  0x000000001b904800 JavaThread "Attach Listener" daemon [_thread_blocked, id=2812, stack(0x000000001ce50000,0x000000001cf50000)]
  0x000000001b952800 JavaThread "Signal Dispatcher" daemon [_thread_blocked, id=5880, stack(0x000000001cd50000,0x000000001ce50000)]
  0x000000001b8e8800 JavaThread "Finalizer" daemon [_thread_blocked, id=7260, stack(0x000000001cb50000,0x000000001cc50000)]
  0x0000000002311000 JavaThread "Reference Handler" daemon [_thread_blocked, id=3192, stack(0x000000001ca50000,0x000000001cb50000)]
  0x0000000002220800 JavaThread "main" [_thread_blocked, id=32, stack(0x00000000020a0000,0x00000000021a0000)]

Other Threads:
  0x000000001b8c6800 VMThread [stack: 0x000000001c950000,0x000000001ca50000] [id=1216]
  0x000000001d30e800 WatcherThread [stack: 0x000000001d750000,0x000000001d850000] [id=2384]

VM state:not at safepoint (normal execution)

VM Mutex/Monitor currently owned by a thread: None

Heap:
 PSYoungGen      total 76288K, used 41165K [0x000000076b380000, 0x0000000770880000, 0x00000007c0000000)
  eden space 65536K, 62% used [0x000000076b380000,0x000000076dbb34c0,0x000000076f380000)
  from space 10752K, 0% used [0x000000076fe00000,0x000000076fe00000,0x0000000770880000)
  to   space 10752K, 0% used [0x000000076f380000,0x000000076f380000,0x000000076fe00000)
 ParOldGen       total 175104K, used 0K [0x00000006c1a00000, 0x00000006cc500000, 0x000000076b380000)
  object space 175104K, 0% used [0x00000006c1a00000,0x00000006c1a00000,0x00000006cc500000)
 Metaspace       used 16518K, capacity 17250K, committed 17408K, reserved 1064960K
  class space    used 2384K, capacity 2548K, committed 2560K, reserved 1048576K

Card table byte_map: [0x00000000116e0000,0x0000000011ee0000] byte_map_base: 0x000000000e0d3000

Marking Bits: (ParMarkBitMap*) 0x00000000649da6d0
 Begin Bits: [0x0000000012830000, 0x00000000167c8000)
 End Bits:   [0x00000000167c8000, 0x000000001a760000)

Polling page: 0x0000000000470000

CodeCache: size=245760Kb used=4565Kb max_used=4565Kb free=241194Kb
 bounds [0x0000000002320000, 0x00000000027a0000, 0x0000000011320000]
 total_blobs=2023 nmethods=1380 adapters=555
 compilation: enabled

Compilation events (10 events):
Event: 3.755 Thread 0x000000001b90c800 1375       3       com.sun.javafx.sg.prism.NGNode::invalidateCache (15 bytes)
Event: 3.755 Thread 0x000000001b90c800 nmethod 1375 0x0000000002795910 code [0x0000000002795a80, 0x0000000002795ce8]
Event: 3.755 Thread 0x000000001b90c800 1376       1       com.sun.javafx.geom.RectBounds::is2D (2 bytes)
Event: 3.755 Thread 0x000000001b90c800 nmethod 1376 0x0000000002795d90 code [0x0000000002795ee0, 0x0000000002795ff0]
Event: 3.849 Thread 0x000000001b90c800 1377       3       java.util.concurrent.atomic.AtomicBoolean::compareAndSet (35 bytes)
Event: 3.850 Thread 0x000000001b90c800 nmethod 1377 0x0000000002796050 code [0x00000000027961a0, 0x00000000027963d0]
Event: 3.913 Thread 0x000000001b90c800 1378       3       java.util.regex.Pattern::isSupplementary (20 bytes)
Event: 3.913 Thread 0x000000001b90c800 nmethod 1378 0x0000000002796450 code [0x00000000027965c0, 0x0000000002796890]
Event: 3.913 Thread 0x000000001b90c800 1379       3       java.util.HashMap::tableSizeFor (59 bytes)
Event: 3.914 Thread 0x000000001b90c800 nmethod 1379 0x0000000002796950 code [0x0000000002796ac0, 0x0000000002796cd0]

GC Heap History (0 events):
No events

Deoptimization events (10 events):
Event: 1.287 Thread 0x000000001d8f6800 Uncommon trap: reason=speculate_class_check action=maybe_recompile pc=0x00000000026598d8 method=com.sun.javafx.css.BitSet.containsAll(Ljava/util/Collection;)Z @ 18
Event: 1.288 Thread 0x000000001d8f6800 Uncommon trap: reason=speculate_class_check action=maybe_recompile pc=0x00000000026598d8 method=com.sun.javafx.css.BitSet.containsAll(Ljava/util/Collection;)Z @ 18
Event: 1.288 Thread 0x000000001d8f6800 Uncommon trap: reason=class_check action=maybe_recompile pc=0x0000000002448210 method=java.lang.String.equals(Ljava/lang/Object;)Z @ 8
Event: 1.288 Thread 0x000000001d8f6800 Uncommon trap: reason=class_check action=maybe_recompile pc=0x0000000002448210 method=java.lang.String.equals(Ljava/lang/Object;)Z @ 8
Event: 1.288 Thread 0x000000001d8f6800 Uncommon trap: reason=class_check action=maybe_recompile pc=0x0000000002448210 method=java.lang.String.equals(Ljava/lang/Object;)Z @ 8
Event: 1.288 Thread 0x000000001d8f6800 Uncommon trap: reason=speculate_class_check action=maybe_recompile pc=0x00000000026598d8 method=com.sun.javafx.css.BitSet.containsAll(Ljava/util/Collection;)Z @ 18
Event: 1.289 Thread 0x000000001d8f6800 Uncommon trap: reason=speculate_class_check action=maybe_recompile pc=0x00000000026598d8 method=com.sun.javafx.css.BitSet.containsAll(Ljava/util/Collection;)Z @ 18
Event: 1.294 Thread 0x000000001d8f6800 Uncommon trap: reason=class_check action=maybe_recompile pc=0x0000000002448210 method=java.lang.String.equals(Ljava/lang/Object;)Z @ 8
Event: 1.451 Thread 0x000000001d8f6800 Uncommon trap: reason=unstable_if action=reinterpret pc=0x0000000002652948 method=java.lang.String.regionMatches(ZILjava/lang/String;II)Z @ 123
Event: 1.710 Thread 0x000000001d8f6800 Uncommon trap: reason=unstable_if action=reinterpret pc=0x0000000002667278 method=jdk.internal.org.objectweb.asm.Type.getArgumentsAndReturnSizes(Ljava/lang/String;)I @ 47

Internal exceptions (10 events):
Event: 0.611 Thread 0x000000001d8f6800 Exception <a 'java/lang/NullPointerException'> (0x000000076c32fd08) thrown at [C:\re\workspace\8-2-build-windows-amd64-cygwin\jdk8u112\7884\hotspot\src\share\vm\interpreter\linkResolver.cpp, line 1178]
Event: 0.611 Thread 0x000000001d8f6800 Exception <a 'java/lang/NullPointerException'> (0x000000076c32fd08) thrown at [C:\re\workspace\8-2-build-windows-amd64-cygwin\jdk8u112\7884\hotspot\src\share\vm\prims\jvm.cpp, line 1394]
Event: 0.688 Thread 0x000000001d8f6800 Exception <a 'java/lang/ArrayIndexOutOfBoundsException': 58> (0x000000076c4d54d8) thrown at [C:\re\workspace\8-2-build-windows-amd64-cygwin\jdk8u112\7884\hotspot\src\share\vm\interpreter\interpreterRuntime.cpp, line 366]
Event: 0.689 Thread 0x000000001d8f6800 Exception <a 'java/lang/ArrayIndexOutOfBoundsException': 18> (0x000000076c4d6178) thrown at [C:\re\workspace\8-2-build-windows-amd64-cygwin\jdk8u112\7884\hotspot\src\share\vm\interpreter\interpreterRuntime.cpp, line 366]
Event: 0.689 Thread 0x000000001d8f6800 Exception <a 'java/lang/ArrayIndexOutOfBoundsException': 86> (0x000000076c4d7520) thrown at [C:\re\workspace\8-2-build-windows-amd64-cygwin\jdk8u112\7884\hotspot\src\share\vm\interpreter\interpreterRuntime.cpp, line 366]
Event: 0.944 Thread 0x000000001d8f6800 Exception <a 'java/lang/ArrayIndexOutOfBoundsException'> (0x000000076ca8a3f8) thrown at [C:\re\workspace\8-2-build-windows-amd64-cygwin\jdk8u112\7884\hotspot\src\share\vm\runtime\sharedRuntime.cpp, line 605]
Event: 1.012 Thread 0x000000001d8f6800 Exception <a 'java/lang/ArrayIndexOutOfBoundsException'> (0x000000076cbca4d0) thrown at [C:\re\workspace\8-2-build-windows-amd64-cygwin\jdk8u112\7884\hotspot\src\share\vm\runtime\sharedRuntime.cpp, line 605]
Event: 1.052 Thread 0x000000001d8f6800 Implicit null exception at 0x00000000025973f5 to 0x00000000025975e9
Event: 1.052 Thread 0x000000001d8f6800 Implicit null exception at 0x00000000025e7a9b to 0x00000000025e841d
Event: 1.086 Thread 0x000000001d8f6800 Exception <a 'java/io/FileNotFoundException'> (0x000000076cd875c8) thrown at [C:\re\workspace\8-2-build-windows-amd64-cygwin\jdk8u112\7884\hotspot\src\share\vm\prims\jni.cpp, line 709]

Events (10 events):
Event: 3.371 loading class com/sun/javafx/scene/input/KeyCodeMap
Event: 3.371 loading class com/sun/javafx/scene/input/KeyCodeMap done
Event: 3.912 loading class com/sun/javafx/tk/quantum/QuantumClipboard
Event: 3.912 loading class com/sun/javafx/tk/quantum/QuantumClipboard done
Event: 3.912 loading class java/io/ObjectInput
Event: 3.912 loading class java/io/ObjectInput done
Event: 3.912 loading class java/io/ObjectOutput
Event: 3.913 loading class java/io/ObjectOutput done
Event: 3.913 loading class javafx/scene/input/DataFormat
Event: 3.913 loading class javafx/scene/input/DataFormat done


Dynamic libraries:
0x00007ff6ff1d0000 - 0x00007ff6ff207000 	C:\Program Files\Java\jdk1.8.0_112\bin\java.exe
0x00007ffaf5bc0000 - 0x00007ffaf5d81000 	C:\WINDOWS\SYSTEM32\ntdll.dll
0x00007ffaf4340000 - 0x00007ffaf43ed000 	C:\WINDOWS\system32\KERNEL32.DLL
0x00007ffaf22d0000 - 0x00007ffaf24b8000 	C:\WINDOWS\system32\KERNELBASE.dll
0x00007ffaf2fd0000 - 0x00007ffaf3077000 	C:\WINDOWS\system32\ADVAPI32.dll
0x00007ffaf5ac0000 - 0x00007ffaf5b5d000 	C:\WINDOWS\system32\msvcrt.dll
0x00007ffaf3300000 - 0x00007ffaf335b000 	C:\WINDOWS\system32\sechost.dll
0x00007ffaf3920000 - 0x00007ffaf3a3c000 	C:\WINDOWS\system32\RPCRT4.dll
0x00007ffaf4080000 - 0x00007ffaf41d6000 	C:\WINDOWS\system32\USER32.dll
0x00007ffaf3e80000 - 0x00007ffaf4006000 	C:\WINDOWS\system32\GDI32.dll
0x00007ffae7bd0000 - 0x00007ffae7e44000 	C:\WINDOWS\WinSxS\amd64_microsoft.windows.common-controls_6595b64144ccf1df_6.0.10586.0_none_8c15ae12515e1c22\COMCTL32.dll
0x00007ffaf36a0000 - 0x00007ffaf391d000 	C:\WINDOWS\system32\combase.dll
0x00007ffaf2580000 - 0x00007ffaf25ea000 	C:\WINDOWS\system32\bcryptPrimitives.dll
0x00007ffaf42f0000 - 0x00007ffaf432b000 	C:\WINDOWS\system32\IMM32.DLL
0x00000000640e0000 - 0x00000000641b2000 	C:\Program Files\Java\jdk1.8.0_112\jre\bin\msvcr100.dll
0x00000000641c0000 - 0x0000000064a5a000 	C:\Program Files\Java\jdk1.8.0_112\jre\bin\server\jvm.dll
0x00007ffaf4330000 - 0x00007ffaf4338000 	C:\WINDOWS\system32\PSAPI.DLL
0x00007ffae6640000 - 0x00007ffae6649000 	C:\WINDOWS\SYSTEM32\WSOCK32.dll
0x00007ffaf0520000 - 0x00007ffaf0543000 	C:\WINDOWS\SYSTEM32\WINMM.dll
0x00007ffae8010000 - 0x00007ffae801a000 	C:\WINDOWS\SYSTEM32\VERSION.dll
0x00007ffaf4010000 - 0x00007ffaf407b000 	C:\WINDOWS\system32\WS2_32.dll
0x0000000002070000 - 0x000000000209c000 	C:\WINDOWS\SYSTEM32\WINMMBASE.dll
0x00007ffaf2f70000 - 0x00007ffaf2fb3000 	C:\WINDOWS\system32\cfgmgr32.dll
0x0000000064090000 - 0x000000006409f000 	C:\Program Files\Java\jdk1.8.0_112\jre\bin\verify.dll
0x0000000064060000 - 0x0000000064089000 	C:\Program Files\Java\jdk1.8.0_112\jre\bin\java.dll
0x0000000064040000 - 0x0000000064056000 	C:\Program Files\Java\jdk1.8.0_112\jre\bin\zip.dll
0x00007ffaf4560000 - 0x00007ffaf5abf000 	C:\WINDOWS\system32\SHELL32.dll
0x00007ffaf25f0000 - 0x00007ffaf2c34000 	C:\WINDOWS\system32\windows.storage.dll
0x00007ffaf43f0000 - 0x00007ffaf4442000 	C:\WINDOWS\system32\shlwapi.dll
0x00007ffaf2260000 - 0x00007ffaf226f000 	C:\WINDOWS\system32\kernel.appcore.dll
0x00007ffaf24c0000 - 0x00007ffaf2575000 	C:\WINDOWS\system32\shcore.dll
0x00007ffaf21e0000 - 0x00007ffaf222b000 	C:\WINDOWS\system32\powrprof.dll
0x00007ffaf2230000 - 0x00007ffaf2244000 	C:\WINDOWS\system32\profapi.dll
0x00007ffae3360000 - 0x00007ffae344f000 	C:\Program Files\Java\jdk1.8.0_112\jre\bin\msvcr120.dll
0x00007ffae32b0000 - 0x00007ffae3356000 	C:\Program Files\Java\jdk1.8.0_112\jre\bin\msvcp120.dll
0x0000000063d50000 - 0x0000000063d72000 	C:\Program Files\Java\jdk1.8.0_112\jre\bin\prism_d3d.dll
0x00007ffae2eb0000 - 0x00007ffae30c0000 	C:\WINDOWS\system32\d3d9.dll
0x00007ffaeff00000 - 0x00007ffaeff22000 	C:\WINDOWS\SYSTEM32\dwmapi.dll
0x00007ffaf0ab0000 - 0x00007ffaf0b46000 	C:\WINDOWS\system32\uxtheme.dll
0x00007ffabfbb0000 - 0x00007ffac20ed000 	C:\WINDOWS\SYSTEM32\igdumdim64.dll
0x00007ffaf3230000 - 0x00007ffaf32f1000 	C:\WINDOWS\system32\OLEAUT32.dll
0x00007ffaf3360000 - 0x00007ffaf34a3000 	C:\WINDOWS\system32\ole32.dll
0x00007ffaf3a50000 - 0x00007ffaf3e79000 	C:\WINDOWS\system32\SETUPAPI.dll
0x0000000063d00000 - 0x0000000063d43000 	C:\Program Files\Java\jdk1.8.0_112\jre\bin\glass.dll
0x00007ffaf4450000 - 0x00007ffaf455b000 	C:\WINDOWS\system32\COMDLG32.dll
0x00007ffaf2cf0000 - 0x00007ffaf2d76000 	C:\WINDOWS\system32\FirewallAPI.dll
0x00007ffaf2d80000 - 0x00007ffaf2d97000 	C:\WINDOWS\system32\NETAPI32.dll
0x00007ffaf0830000 - 0x00007ffaf083c000 	C:\WINDOWS\SYSTEM32\DAVHLPR.DLL
0x00007ffaf0f60000 - 0x00007ffaf0f92000 	C:\WINDOWS\SYSTEM32\fwbase.dll
0x00007ffaf3540000 - 0x00007ffaf369a000 	C:\WINDOWS\system32\MSCTF.dll
0x00007ffaec120000 - 0x00007ffaecb5f000 	C:\WINDOWS\SYSTEM32\igdusc64.dll
0x0000000063ce0000 - 0x0000000063cf4000 	C:\Program Files\Java\jdk1.8.0_112\jre\bin\javafx_font.dll
0x00007ffae6930000 - 0x00007ffae6b90000 	C:\WINDOWS\SYSTEM32\dwrite.dll
0x00007ffaf41e0000 - 0x00007ffaf4287000 	C:\WINDOWS\system32\clbcatq.dll
0x00007ffaee6d0000 - 0x00007ffaee881000 	C:\WINDOWS\SYSTEM32\WindowsCodecs.dll
0x00007ffae1d40000 - 0x00007ffae1d8a000 	C:\WINDOWS\system32\dataexchange.dll
0x00007ffaefa70000 - 0x00007ffaefd18000 	C:\WINDOWS\system32\d3d11.dll
0x00007ffaf0740000 - 0x00007ffaf0823000 	C:\WINDOWS\system32\dcomp.dll
0x00007ffaef960000 - 0x00007ffaefa02000 	C:\WINDOWS\system32\dxgi.dll
0x00007ffaf0d00000 - 0x00007ffaf0e00000 	C:\WINDOWS\system32\twinapi.appcore.dll
0x00007ffaf1de0000 - 0x00007ffaf1e09000 	C:\WINDOWS\system32\bcrypt.dll
0x00007ffae4db0000 - 0x00007ffae4de4000 	C:\Program Files\Common Files\Microsoft Shared\Ink\rtscom.dll
0x0000000063cc0000 - 0x0000000063cd1000 	C:\Program Files\Java\jdk1.8.0_112\jre\bin\prism_common.dll
0x00007ffade1d0000 - 0x00007ffade220000 	C:\WINDOWS\SYSTEM32\edputil.dll
0x00007ffad2b70000 - 0x00007ffad2cfc000 	C:\WINDOWS\SYSTEM32\dbghelp.dll

VM Arguments:
jvm_args: -Dfile.encoding=UTF-8 
java_command: application.ToDoApplication
java_class_path (initial): C:\Program Files\Java\jdk1.8.0_112\db\lib\derby.jar;C:\Program Files\Java\jdk1.8.0_112\db\lib\derbyclient.jar;C:\Program Files\Java\jdk1.8.0_112\db\lib\derbynet.jar;C:\Users\tamimy\Downloads\JARS\controlsfx-8.40.13.jar;C:\Users\tamimy\Downloads\JARS\gson-2.2.2.jar;C:\Users\tamimy\Downloads\JARS\java-json.jar;C:\Users\tamimy\Downloads\JARS\javax.json-1.0.jar;C:\Users\tamimy\Downloads\JARS\jfoenix-8.0.8.jar;C:\Users\tamimy\Desktop\finaaaaaaaaaaaaaaaaaal\clientProject\build\classes
Launcher Type: SUN_STANDARD

Environment Variables:
CLASSPATH=C:\Program Files\Apache Software Foundation\Tomcat 8.0\lib\servlet-api.jar;
PATH=C:\Program Files\Java\jre1.8.0_112\bin;C:\ProgramData\Oracle\Java\javapath;C:\WINDOWS\system32;C:\WINDOWS;C:\WINDOWS\System32\Wbem;C:\WINDOWS\System32\WindowsPowerShell\v1.0\;C:\Program Files\Microsoft VS Code\bin;C:\Program Files\Git\cmd
USERNAME=tamimy
OS=Windows_NT
PROCESSOR_IDENTIFIER=Intel64 Family 6 Model 69 Stepping 1, GenuineIntel



---------------  S Y S T E M  ---------------

OS: Windows 10.0 , 64 bit Build 10586 (10.0.10586.0)

CPU:total 4 (2 cores per cpu, 2 threads per core) family 6 model 69 stepping 1, cmov, cx8, fxsr, mmx, sse, sse2, sse3, ssse3, sse4.1, sse4.2, popcnt, avx, avx2, aes, clmul, erms, lzcnt, ht, tsc, tscinvbit, bmi1, bmi2

Memory: 4k page, physical 16662892k(12413964k free), swap 19153260k(13466532k free)

vm_info: Java HotSpot(TM) 64-Bit Server VM (25.112-b15) for windows-amd64 JRE (1.8.0_112-b15), built on Sep 22 2016 21:31:56 by "java_re" with MS VC++ 10.0 (VS2010)

time: Mon Feb 17 03:05:18 2020
elapsed time: 3 seconds (0d 0h 0m 3s)

