#
# A fatal error has been detected by the Java Runtime Environment:
#
#  EXCEPTION_ACCESS_VIOLATION (0xc0000005) at pc=0x0000000063d114fa, pid=7524, tid=0x0000000000001f04
#
# JRE version: Java(TM) SE Runtime Environment (8.0_112-b15) (build 1.8.0_112-b15)
# Java VM: Java HotSpot(TM) 64-Bit Server VM (25.112-b15 mixed mode windows-amd64 compressed oops)
# Problematic frame:
# C  [glass.dll+0x114fa]
#
# Failed to write core dump. Minidumps are not enabled by default on client versions of Windows
#
# If you would like to submit a bug report, please visit:
#   http://bugreport.java.com/bugreport/crash.jsp
# The crash happened outside the Java Virtual Machine in native code.
# See problematic frame for where to report the bug.
#

---------------  T H R E A D  ---------------

Current thread (0x000000001d9a9000):  JavaThread "JavaFX Application Thread" [_thread_in_native, id=7940, stack(0x000000001e410000,0x000000001e510000)]

siginfo: ExceptionCode=0xc0000005, reading address 0x00000000257ab050

Registers:
RAX=0x0000000000003a5c, RBX=0x00000000257ab050, RCX=0x0000000000181178, RDX=0x0000000000000000
RSP=0x000000001e50c2f0, RBP=0x0000000000000000, RSI=0x000000000000002d, RDI=0x0000000000000000
R8 =0x0000000000000002, R9 =0x0000000000181140, R10=0x0000000000000000, R11=0x0000000000000064
R12=0x00000000257a75f0, R13=0x0000000000000001, R14=0x000000000000002d, R15=0x0000000000000000
RIP=0x0000000063d114fa, EFLAGS=0x0000000000010216

Top of Stack: (sp=0x000000001e50c2f0)
0x000000001e50c2f0:   00000000225c5020 000000001e50c418
0x000000001e50c300:   00000000257b3f20 0000000000000000
0x000000001e50c310:   000000001e50c4e0 00000000ffffffff
0x000000001e50c320:   0000000000000000 00000000257b3f20
0x000000001e50c330:   00000000225c5020 00000000643d48b1
0x000000001e50c340:   00000000257b4240 0000000000000034
0x000000001e50c350:   00000000257b1050 00000000257b1450
0x000000001e50c360:   00000000257b1450 000000000000003f
0x000000001e50c370:   0000000000000040 000000003f800000
0x000000001e50c380:   0000000000000000 ffffffff257c0790
0x000000001e50c390:   0000000000000000 0000000000000000
0x000000001e50c3a0:   0000000000000000 00000000225d5b80
0x000000001e50c3b0:   0000000000000000 0000000000000000
0x000000001e50c3c0:   0000000000000000 0000000000000000
0x000000001e50c3d0:   0000000000000000 00000000257b4360
0x000000001e50c3e0:   00000000257b45c0 0000000000000000 

Instructions: (pc=0x0000000063d114fa)
0x0000000063d114da:   41 8b f6 49 8d 5c 24 04 45 85 ed 75 09 48 69 c6
0x0000000063d114ea:   50 02 00 00 eb 07 48 69 c6 4c 01 00 00 48 03 d8
0x0000000063d114fa:   f6 03 40 0f 84 d4 00 00 00 8b 43 44 89 84 24 98
0x0000000063d1150a:   00 00 00 8b 43 40 89 84 24 9c 00 00 00 41 b9 0a 


Register to memory mapping:

RAX=0x0000000000003a5c is an unknown value
RBX=0x00000000257ab050 is an unknown value
RCX=0x0000000000181178 is an unknown value
RDX=0x0000000000000000 is an unknown value
RSP=0x000000001e50c2f0 is pointing into the stack for thread: 0x000000001d9a9000
RBP=0x0000000000000000 is an unknown value
RSI=0x000000000000002d is an unknown value
RDI=0x0000000000000000 is an unknown value
R8 =0x0000000000000002 is an unknown value
R9 =0x0000000000181140 is an unknown value
R10=0x0000000000000000 is an unknown value
R11=0x0000000000000064 is an unknown value
R12=0x00000000257a75f0 is an unknown value
R13=0x0000000000000001 is an unknown value
R14=0x000000000000002d is an unknown value
R15=0x0000000000000000 is an unknown value


Stack: [0x000000001e410000,0x000000001e510000],  sp=0x000000001e50c2f0,  free space=1008k
Native frames: (J=compiled Java code, j=interpreted, Vv=VM code, C=native code)

Java frames: (J=compiled Java code, j=interpreted, Vv=VM code)
j  com.sun.glass.ui.win.WinSystemClipboard.popMimesFromSystem()[Ljava/lang/String;+0
j  com.sun.glass.ui.win.WinSystemClipboard.mimesFromSystem()[Ljava/lang/String;+10
j  com.sun.glass.ui.SystemClipboard.getMimeTypes()[Ljava/lang/String;+16
j  com.sun.glass.ui.ClipboardAssistance.getMimeTypes()[Ljava/lang/String;+7
j  com.sun.javafx.tk.quantum.QuantumClipboard.hasContent(Ljavafx/scene/input/DataFormat;)Z+69
j  javafx.scene.input.Clipboard.hasContent(Ljavafx/scene/input/DataFormat;)Z+11
j  javafx.scene.input.Clipboard.hasString()Z+4
j  javafx.scene.control.TextInputControl.paste()V+5
j  com.sun.javafx.scene.control.behavior.TextInputControlBehavior.paste()V+9
j  com.sun.javafx.scene.control.behavior.TextInputControlBehavior.callAction(Ljava/lang/String;)V+75
j  com.sun.javafx.scene.control.behavior.BehaviorBase.callActionForEvent(Ljavafx/scene/input/KeyEvent;)V+12
j  com.sun.javafx.scene.control.behavior.TextInputControlBehavior.callActionForEvent(Ljavafx/scene/input/KeyEvent;)V+7
j  com.sun.javafx.scene.control.behavior.BehaviorBase.lambda$new$74(Ljavafx/scene/input/KeyEvent;)V+9
j  com.sun.javafx.scene.control.behavior.BehaviorBase$$Lambda$144.handle(Ljavafx/event/Event;)V+8
j  com.sun.javafx.event.CompositeEventHandler$NormalEventHandlerRecord.handleBubblingEvent(Ljavafx/event/Event;)V+5
j  com.sun.javafx.event.CompositeEventHandler.dispatchBubblingEvent(Ljavafx/event/Event;)V+28
J 1389 C1 com.sun.javafx.event.EventHandlerManager.dispatchBubblingEvent(Ljavafx/event/EventType;Ljavafx/event/Event;)Ljavafx/event/Event; (34 bytes) @ 0x00000000028ba8f4 [0x00000000028ba380+0x574]
j  com.sun.javafx.event.EventHandlerManager.dispatchBubblingEvent(Ljavafx/event/Event;)Ljavafx/event/Event;+8
j  com.sun.javafx.event.CompositeEventDispatcher.dispatchBubblingEvent(Ljavafx/event/Event;)Ljavafx/event/Event;+11
j  com.sun.javafx.event.BasicEventDispatcher.dispatchEvent(Ljavafx/event/Event;Ljavafx/event/EventDispatchChain;)Ljavafx/event/Event;+29
J 1419 C1 com.sun.javafx.event.EventDispatchChainImpl.dispatchEvent(Ljavafx/event/Event;)Ljavafx/event/Event; (101 bytes) @ 0x00000000028c7a3c [0x00000000028c7880+0x1bc]
j  com.sun.javafx.event.BasicEventDispatcher.dispatchEvent(Ljavafx/event/Event;Ljavafx/event/EventDispatchChain;)Ljavafx/event/Event;+17
J 1419 C1 com.sun.javafx.event.EventDispatchChainImpl.dispatchEvent(Ljavafx/event/Event;)Ljavafx/event/Event; (101 bytes) @ 0x00000000028c7a3c [0x00000000028c7880+0x1bc]
j  com.sun.javafx.event.BasicEventDispatcher.dispatchEvent(Ljavafx/event/Event;Ljavafx/event/EventDispatchChain;)Ljavafx/event/Event;+17
J 1419 C1 com.sun.javafx.event.EventDispatchChainImpl.dispatchEvent(Ljavafx/event/Event;)Ljavafx/event/Event; (101 bytes) @ 0x00000000028c7a3c [0x00000000028c7880+0x1bc]
j  com.sun.javafx.event.EventUtil.fireEventImpl(Ljavafx/event/EventDispatchChain;Ljavafx/event/EventTarget;Ljavafx/event/Event;)Ljavafx/event/Event;+10
j  com.sun.javafx.event.EventUtil.fireEvent(Ljavafx/event/EventTarget;Ljavafx/event/Event;)Ljavafx/event/Event;+46
j  javafx.event.Event.fireEvent(Ljavafx/event/EventTarget;Ljavafx/event/Event;)V+30
j  javafx.scene.Scene$KeyHandler.process(Ljavafx/scene/input/KeyEvent;)V+23
j  javafx.scene.Scene$KeyHandler.access$1800(Ljavafx/scene/Scene$KeyHandler;Ljavafx/scene/input/KeyEvent;)V+2
j  javafx.scene.Scene.impl_processKeyEvent(Ljavafx/scene/input/KeyEvent;)V+28
j  javafx.scene.Scene$ScenePeerListener.keyEvent(Ljavafx/scene/input/KeyEvent;)V+5
j  com.sun.javafx.tk.quantum.GlassViewEventHandler$KeyEventNotification.run()Ljava/lang/Void;+357
j  com.sun.javafx.tk.quantum.GlassViewEventHandler$KeyEventNotification.run()Ljava/lang/Object;+1
v  ~StubRoutines::call_stub
J 1320  java.security.AccessController.doPrivileged(Ljava/security/PrivilegedAction;Ljava/security/AccessControlContext;)Ljava/lang/Object; (0 bytes) @ 0x0000000002897526 [0x00000000028974c0+0x66]
j  com.sun.javafx.tk.quantum.GlassViewEventHandler.lambda$handleKeyEvent$353()Ljava/lang/Void;+11
j  com.sun.javafx.tk.quantum.GlassViewEventHandler$$Lambda$201.get()Ljava/lang/Object;+4
j  com.sun.javafx.tk.quantum.QuantumToolkit.runWithoutRenderLock(Ljava/util/function/Supplier;)Ljava/lang/Object;+18
j  com.sun.javafx.tk.quantum.GlassViewEventHandler.handleKeyEvent(Lcom/sun/glass/ui/View;JII[CI)V+58
j  com.sun.glass.ui.View.handleKeyEvent(JII[CI)V+20
j  com.sun.glass.ui.View.notifyKey(II[CI)V+9
v  ~StubRoutines::call_stub
j  com.sun.glass.ui.win.WinApplication._runLoop(Ljava/lang/Runnable;)V+0
j  com.sun.glass.ui.win.WinApplication.lambda$null$148(ILjava/lang/Runnable;)V+8
j  com.sun.glass.ui.win.WinApplication$$Lambda$38.run()V+12
j  java.lang.Thread.run()V+11
v  ~StubRoutines::call_stub

---------------  P R O C E S S  ---------------

Java Threads: ( => current thread )
  0x000000001dec9000 JavaThread "Prism Font Disposer" daemon [_thread_blocked, id=7980, stack(0x0000000024db0000,0x0000000024eb0000)]
  0x000000001da30800 JavaThread "Thread-3" daemon [_thread_in_native, id=2224, stack(0x0000000022ab0000,0x0000000022bb0000)]
  0x000000001da14000 JavaThread "JavaFX-Launcher" [_thread_blocked, id=3924, stack(0x0000000022bb0000,0x0000000022cb0000)]
=>0x000000001d9a9000 JavaThread "JavaFX Application Thread" [_thread_in_native, id=7940, stack(0x000000001e410000,0x000000001e510000)]
  0x000000001d9a8000 JavaThread "Thread-1" daemon [_thread_blocked, id=4460, stack(0x000000001e310000,0x000000001e410000)]
  0x000000001d997000 JavaThread "QuantumRenderer-0" daemon [_thread_blocked, id=6956, stack(0x000000001e150000,0x000000001e250000)]
  0x000000001d3c4000 JavaThread "Service Thread" daemon [_thread_blocked, id=5392, stack(0x000000001d750000,0x000000001d850000)]
  0x000000001ba68800 JavaThread "C1 CompilerThread2" daemon [_thread_blocked, id=4236, stack(0x000000001d250000,0x000000001d350000)]
  0x000000001ba1c000 JavaThread "C2 CompilerThread1" daemon [_thread_blocked, id=8008, stack(0x000000001d150000,0x000000001d250000)]
  0x000000001ba18800 JavaThread "C2 CompilerThread0" daemon [_thread_blocked, id=7368, stack(0x000000001d050000,0x000000001d150000)]
  0x000000001ba17800 JavaThread "Attach Listener" daemon [_thread_blocked, id=6164, stack(0x000000001cf50000,0x000000001d050000)]
  0x000000001ba62800 JavaThread "Signal Dispatcher" daemon [_thread_blocked, id=3912, stack(0x000000001ce50000,0x000000001cf50000)]
  0x000000001b9fa800 JavaThread "Finalizer" daemon [_thread_blocked, id=7752, stack(0x000000001cc70000,0x000000001cd70000)]
  0x000000000241f000 JavaThread "Reference Handler" daemon [_thread_blocked, id=3716, stack(0x000000001cb70000,0x000000001cc70000)]
  0x0000000002330800 JavaThread "main" [_thread_blocked, id=6592, stack(0x00000000021b0000,0x00000000022b0000)]

Other Threads:
  0x000000001b9d7800 VMThread [stack: 0x000000001ca70000,0x000000001cb70000] [id=3404]
  0x000000001d407800 WatcherThread [stack: 0x000000001d850000,0x000000001d950000] [id=6056]

VM state:not at safepoint (normal execution)

VM Mutex/Monitor currently owned by a thread: None

Heap:
 PSYoungGen      total 76288K, used 41155K [0x000000076b380000, 0x0000000770880000, 0x00000007c0000000)
  eden space 65536K, 62% used [0x000000076b380000,0x000000076dbb0ec0,0x000000076f380000)
  from space 10752K, 0% used [0x000000076fe00000,0x000000076fe00000,0x0000000770880000)
  to   space 10752K, 0% used [0x000000076f380000,0x000000076f380000,0x000000076fe00000)
 ParOldGen       total 175104K, used 0K [0x00000006c1a00000, 0x00000006cc500000, 0x000000076b380000)
  object space 175104K, 0% used [0x00000006c1a00000,0x00000006c1a00000,0x00000006cc500000)
 Metaspace       used 16547K, capacity 17250K, committed 17408K, reserved 1064960K
  class space    used 2384K, capacity 2548K, committed 2560K, reserved 1048576K

Card table byte_map: [0x00000000117f0000,0x0000000011ff0000] byte_map_base: 0x000000000e1e3000

Marking Bits: (ParMarkBitMap*) 0x00000000649da6d0
 Begin Bits: [0x0000000012940000, 0x00000000168d8000)
 End Bits:   [0x00000000168d8000, 0x000000001a870000)

Polling page: 0x00000000004f0000

CodeCache: size=245760Kb used=4746Kb max_used=4746Kb free=241014Kb
 bounds [0x0000000002430000, 0x00000000028e0000, 0x0000000011430000]
 total_blobs=2099 nmethods=1456 adapters=555
 compilation: enabled

Compilation events (10 events):
Event: 5.155 Thread 0x000000001ba68800 1452       3       java.util.concurrent.locks.AbstractQueuedSynchronizer::unparkSuccessor (84 bytes)
Event: 5.155 Thread 0x000000001ba68800 nmethod 1452 0x00000000028d2110 code [0x00000000028d22a0, 0x00000000028d2808]
Event: 5.171 Thread 0x000000001ba68800 1453       3       com.sun.scenario.animation.shared.TimelineClipCore::setTime (17 bytes)
Event: 5.171 Thread 0x000000001ba68800 nmethod 1453 0x00000000028d2a10 code [0x00000000028d2b80, 0x00000000028d2dd8]
Event: 5.171 Thread 0x000000001ba68800 1454       3       javafx.animation.AnimationAccessorImpl::setCurrentTicks (6 bytes)
Event: 5.171 Thread 0x000000001ba68800 nmethod 1454 0x00000000028d2ed0 code [0x00000000028d3040, 0x00000000028d3388]
Event: 5.174 Thread 0x000000001ba68800 1455       3       java.util.regex.Pattern::isSupplementary (20 bytes)
Event: 5.175 Thread 0x000000001ba68800 nmethod 1455 0x00000000028d34d0 code [0x00000000028d3640, 0x00000000028d3910]
Event: 5.175 Thread 0x000000001ba68800 1456       3       java.util.HashMap::tableSizeFor (59 bytes)
Event: 5.175 Thread 0x000000001ba68800 nmethod 1456 0x00000000028d39d0 code [0x00000000028d3b40, 0x00000000028d3d50]

GC Heap History (0 events):
No events

Deoptimization events (10 events):
Event: 1.278 Thread 0x000000001d9a9000 Uncommon trap: reason=speculate_class_check action=maybe_recompile pc=0x000000000278c1b0 method=com.sun.javafx.css.BitSet.containsAll(Ljava/util/Collection;)Z @ 18
Event: 1.278 Thread 0x000000001d9a9000 Uncommon trap: reason=speculate_class_check action=maybe_recompile pc=0x000000000278c1b0 method=com.sun.javafx.css.BitSet.containsAll(Ljava/util/Collection;)Z @ 18
Event: 1.279 Thread 0x000000001d9a9000 Uncommon trap: reason=class_check action=maybe_recompile pc=0x0000000002558d50 method=java.lang.String.equals(Ljava/lang/Object;)Z @ 8
Event: 1.279 Thread 0x000000001d9a9000 Uncommon trap: reason=class_check action=maybe_recompile pc=0x0000000002558d50 method=java.lang.String.equals(Ljava/lang/Object;)Z @ 8
Event: 1.279 Thread 0x000000001d9a9000 Uncommon trap: reason=class_check action=maybe_recompile pc=0x0000000002558d50 method=java.lang.String.equals(Ljava/lang/Object;)Z @ 8
Event: 1.279 Thread 0x000000001d9a9000 Uncommon trap: reason=speculate_class_check action=maybe_recompile pc=0x000000000278c1b0 method=com.sun.javafx.css.BitSet.containsAll(Ljava/util/Collection;)Z @ 18
Event: 1.279 Thread 0x000000001d9a9000 Uncommon trap: reason=speculate_class_check action=maybe_recompile pc=0x000000000278c1b0 method=com.sun.javafx.css.BitSet.containsAll(Ljava/util/Collection;)Z @ 18
Event: 1.285 Thread 0x000000001d9a9000 Uncommon trap: reason=class_check action=maybe_recompile pc=0x0000000002558d50 method=java.lang.String.equals(Ljava/lang/Object;)Z @ 8
Event: 1.469 Thread 0x000000001d9a9000 Uncommon trap: reason=unstable_if action=reinterpret pc=0x000000000276e3c4 method=java.lang.String.regionMatches(ZILjava/lang/String;II)Z @ 123
Event: 1.716 Thread 0x000000001d9a9000 Uncommon trap: reason=unstable_if action=reinterpret pc=0x0000000002796a78 method=jdk.internal.org.objectweb.asm.Type.getArgumentsAndReturnSizes(Ljava/lang/String;)I @ 47

Internal exceptions (10 events):
Event: 0.518 Thread 0x000000001d9a9000 Exception <a 'java/lang/NullPointerException'> (0x000000076c32bdc0) thrown at [C:\re\workspace\8-2-build-windows-amd64-cygwin\jdk8u112\7884\hotspot\src\share\vm\interpreter\linkResolver.cpp, line 1178]
Event: 0.518 Thread 0x000000001d9a9000 Exception <a 'java/lang/NullPointerException'> (0x000000076c32bdc0) thrown at [C:\re\workspace\8-2-build-windows-amd64-cygwin\jdk8u112\7884\hotspot\src\share\vm\prims\jvm.cpp, line 1394]
Event: 0.595 Thread 0x000000001d9a9000 Exception <a 'java/lang/ArrayIndexOutOfBoundsException': 58> (0x000000076c4d1ac8) thrown at [C:\re\workspace\8-2-build-windows-amd64-cygwin\jdk8u112\7884\hotspot\src\share\vm\interpreter\interpreterRuntime.cpp, line 366]
Event: 0.596 Thread 0x000000001d9a9000 Exception <a 'java/lang/ArrayIndexOutOfBoundsException': 18> (0x000000076c4d2768) thrown at [C:\re\workspace\8-2-build-windows-amd64-cygwin\jdk8u112\7884\hotspot\src\share\vm\interpreter\interpreterRuntime.cpp, line 366]
Event: 0.596 Thread 0x000000001d9a9000 Exception <a 'java/lang/ArrayIndexOutOfBoundsException': 86> (0x000000076c4d3b10) thrown at [C:\re\workspace\8-2-build-windows-amd64-cygwin\jdk8u112\7884\hotspot\src\share\vm\interpreter\interpreterRuntime.cpp, line 366]
Event: 0.796 Thread 0x000000001d9a9000 Exception <a 'java/lang/ArrayIndexOutOfBoundsException'> (0x000000076ca87e18) thrown at [C:\re\workspace\8-2-build-windows-amd64-cygwin\jdk8u112\7884\hotspot\src\share\vm\runtime\sharedRuntime.cpp, line 605]
Event: 0.869 Thread 0x000000001d9a9000 Exception <a 'java/lang/ArrayIndexOutOfBoundsException'> (0x000000076cbc8338) thrown at [C:\re\workspace\8-2-build-windows-amd64-cygwin\jdk8u112\7884\hotspot\src\share\vm\runtime\sharedRuntime.cpp, line 605]
Event: 0.978 Thread 0x000000001d9a9000 Implicit null exception at 0x00000000026b64f5 to 0x00000000026b66e9
Event: 0.978 Thread 0x000000001d9a9000 Implicit null exception at 0x0000000002714b9b to 0x000000000271551d
Event: 1.011 Thread 0x000000001d9a9000 Exception <a 'java/io/FileNotFoundException'> (0x000000076cd85788) thrown at [C:\re\workspace\8-2-build-windows-amd64-cygwin\jdk8u112\7884\hotspot\src\share\vm\prims\jni.cpp, line 709]

Events (10 events):
Event: 4.516 loading class com/sun/javafx/scene/input/KeyCodeMap
Event: 4.516 loading class com/sun/javafx/scene/input/KeyCodeMap done
Event: 5.173 loading class com/sun/javafx/tk/quantum/QuantumClipboard
Event: 5.173 loading class com/sun/javafx/tk/quantum/QuantumClipboard done
Event: 5.174 loading class java/io/ObjectInput
Event: 5.174 loading class java/io/ObjectInput done
Event: 5.174 loading class java/io/ObjectOutput
Event: 5.174 loading class java/io/ObjectOutput done
Event: 5.174 loading class javafx/scene/input/DataFormat
Event: 5.174 loading class javafx/scene/input/DataFormat done


Dynamic libraries:
0x00007ff6ff1d0000 - 0x00007ff6ff207000 	C:\Program Files\Java\jdk1.8.0_112\bin\java.exe
0x00007ffaf5bc0000 - 0x00007ffaf5d81000 	C:\WINDOWS\SYSTEM32\ntdll.dll
0x00007ffaf4340000 - 0x00007ffaf43ed000 	C:\WINDOWS\system32\KERNEL32.DLL
0x00007ffaf22d0000 - 0x00007ffaf24b8000 	C:\WINDOWS\system32\KERNELBASE.dll
0x00007ffaf2fd0000 - 0x00007ffaf3077000 	C:\WINDOWS\system32\ADVAPI32.dll
0x00007ffaf5ac0000 - 0x00007ffaf5b5d000 	C:\WINDOWS\system32\msvcrt.dll
0x00007ffaf3300000 - 0x00007ffaf335b000 	C:\WINDOWS\system32\sechost.dll
0x00007ffaf3920000 - 0x00007ffaf3a3c000 	C:\WINDOWS\system32\RPCRT4.dll
0x00007ffaf4080000 - 0x00007ffaf41d6000 	C:\WINDOWS\system32\USER32.dll
0x00007ffaf3e80000 - 0x00007ffaf4006000 	C:\WINDOWS\system32\GDI32.dll
0x00007ffae7bd0000 - 0x00007ffae7e44000 	C:\WINDOWS\WinSxS\amd64_microsoft.windows.common-controls_6595b64144ccf1df_6.0.10586.0_none_8c15ae12515e1c22\COMCTL32.dll
0x00007ffaf36a0000 - 0x00007ffaf391d000 	C:\WINDOWS\system32\combase.dll
0x00007ffaf2580000 - 0x00007ffaf25ea000 	C:\WINDOWS\system32\bcryptPrimitives.dll
0x00007ffaf42f0000 - 0x00007ffaf432b000 	C:\WINDOWS\system32\IMM32.DLL
0x00000000640e0000 - 0x00000000641b2000 	C:\Program Files\Java\jdk1.8.0_112\jre\bin\msvcr100.dll
0x00000000641c0000 - 0x0000000064a5a000 	C:\Program Files\Java\jdk1.8.0_112\jre\bin\server\jvm.dll
0x00007ffaf4330000 - 0x00007ffaf4338000 	C:\WINDOWS\system32\PSAPI.DLL
0x00007ffae6640000 - 0x00007ffae6649000 	C:\WINDOWS\SYSTEM32\WSOCK32.dll
0x00007ffaf0520000 - 0x00007ffaf0543000 	C:\WINDOWS\SYSTEM32\WINMM.dll
0x00007ffae8010000 - 0x00007ffae801a000 	C:\WINDOWS\SYSTEM32\VERSION.dll
0x00007ffaf4010000 - 0x00007ffaf407b000 	C:\WINDOWS\system32\WS2_32.dll
0x00000000009f0000 - 0x0000000000a1c000 	C:\WINDOWS\SYSTEM32\WINMMBASE.dll
0x00007ffaf2f70000 - 0x00007ffaf2fb3000 	C:\WINDOWS\system32\cfgmgr32.dll
0x0000000064090000 - 0x000000006409f000 	C:\Program Files\Java\jdk1.8.0_112\jre\bin\verify.dll
0x0000000064060000 - 0x0000000064089000 	C:\Program Files\Java\jdk1.8.0_112\jre\bin\java.dll
0x0000000064040000 - 0x0000000064056000 	C:\Program Files\Java\jdk1.8.0_112\jre\bin\zip.dll
0x00007ffaf4560000 - 0x00007ffaf5abf000 	C:\WINDOWS\system32\SHELL32.dll
0x00007ffaf25f0000 - 0x00007ffaf2c34000 	C:\WINDOWS\system32\windows.storage.dll
0x00007ffaf43f0000 - 0x00007ffaf4442000 	C:\WINDOWS\system32\shlwapi.dll
0x00007ffaf2260000 - 0x00007ffaf226f000 	C:\WINDOWS\system32\kernel.appcore.dll
0x00007ffaf24c0000 - 0x00007ffaf2575000 	C:\WINDOWS\system32\shcore.dll
0x00007ffaf21e0000 - 0x00007ffaf222b000 	C:\WINDOWS\system32\powrprof.dll
0x00007ffaf2230000 - 0x00007ffaf2244000 	C:\WINDOWS\system32\profapi.dll
0x00007ffae3360000 - 0x00007ffae344f000 	C:\Program Files\Java\jdk1.8.0_112\jre\bin\msvcr120.dll
0x00007ffae32b0000 - 0x00007ffae3356000 	C:\Program Files\Java\jdk1.8.0_112\jre\bin\msvcp120.dll
0x0000000063d50000 - 0x0000000063d72000 	C:\Program Files\Java\jdk1.8.0_112\jre\bin\prism_d3d.dll
0x00007ffae2eb0000 - 0x00007ffae30c0000 	C:\WINDOWS\system32\d3d9.dll
0x00007ffaeff00000 - 0x00007ffaeff22000 	C:\WINDOWS\SYSTEM32\dwmapi.dll
0x00007ffaf0ab0000 - 0x00007ffaf0b46000 	C:\WINDOWS\system32\uxtheme.dll
0x00007ffabfbb0000 - 0x00007ffac20ed000 	C:\WINDOWS\SYSTEM32\igdumdim64.dll
0x00007ffaf3230000 - 0x00007ffaf32f1000 	C:\WINDOWS\system32\OLEAUT32.dll
0x00007ffaf3360000 - 0x00007ffaf34a3000 	C:\WINDOWS\system32\ole32.dll
0x00007ffaf3a50000 - 0x00007ffaf3e79000 	C:\WINDOWS\system32\SETUPAPI.dll
0x0000000063d00000 - 0x0000000063d43000 	C:\Program Files\Java\jdk1.8.0_112\jre\bin\glass.dll
0x00007ffaf4450000 - 0x00007ffaf455b000 	C:\WINDOWS\system32\COMDLG32.dll
0x00007ffaf2cf0000 - 0x00007ffaf2d76000 	C:\WINDOWS\system32\FirewallAPI.dll
0x00007ffaf2d80000 - 0x00007ffaf2d97000 	C:\WINDOWS\system32\NETAPI32.dll
0x00007ffaf0830000 - 0x00007ffaf083c000 	C:\WINDOWS\SYSTEM32\DAVHLPR.DLL
0x00007ffaf0f60000 - 0x00007ffaf0f92000 	C:\WINDOWS\SYSTEM32\fwbase.dll
0x00007ffaf3540000 - 0x00007ffaf369a000 	C:\WINDOWS\system32\MSCTF.dll
0x00007ffaec120000 - 0x00007ffaecb5f000 	C:\WINDOWS\SYSTEM32\igdusc64.dll
0x0000000063ce0000 - 0x0000000063cf4000 	C:\Program Files\Java\jdk1.8.0_112\jre\bin\javafx_font.dll
0x00007ffae6930000 - 0x00007ffae6b90000 	C:\WINDOWS\SYSTEM32\dwrite.dll
0x00007ffaf41e0000 - 0x00007ffaf4287000 	C:\WINDOWS\system32\clbcatq.dll
0x00007ffaee6d0000 - 0x00007ffaee881000 	C:\WINDOWS\SYSTEM32\WindowsCodecs.dll
0x00007ffae1d40000 - 0x00007ffae1d8a000 	C:\WINDOWS\system32\dataexchange.dll
0x00007ffaefa70000 - 0x00007ffaefd18000 	C:\WINDOWS\system32\d3d11.dll
0x00007ffaf0740000 - 0x00007ffaf0823000 	C:\WINDOWS\system32\dcomp.dll
0x00007ffaef960000 - 0x00007ffaefa02000 	C:\WINDOWS\system32\dxgi.dll
0x00007ffaf0d00000 - 0x00007ffaf0e00000 	C:\WINDOWS\system32\twinapi.appcore.dll
0x00007ffaf1de0000 - 0x00007ffaf1e09000 	C:\WINDOWS\system32\bcrypt.dll
0x00007ffae4db0000 - 0x00007ffae4de4000 	C:\Program Files\Common Files\Microsoft Shared\Ink\rtscom.dll
0x0000000063cc0000 - 0x0000000063cd1000 	C:\Program Files\Java\jdk1.8.0_112\jre\bin\prism_common.dll
0x00007ffade1d0000 - 0x00007ffade220000 	C:\WINDOWS\SYSTEM32\edputil.dll
0x00007ffad2b70000 - 0x00007ffad2cfc000 	C:\WINDOWS\SYSTEM32\dbghelp.dll

VM Arguments:
jvm_args: -Dfile.encoding=UTF-8 
java_command: application.ToDoApplication
java_class_path (initial): C:\Program Files\Java\jdk1.8.0_112\db\lib\derby.jar;C:\Program Files\Java\jdk1.8.0_112\db\lib\derbyclient.jar;C:\Program Files\Java\jdk1.8.0_112\db\lib\derbynet.jar;C:\Users\tamimy\Downloads\JARS\controlsfx-8.40.13.jar;C:\Users\tamimy\Downloads\JARS\gson-2.2.2.jar;C:\Users\tamimy\Downloads\JARS\java-json.jar;C:\Users\tamimy\Downloads\JARS\javax.json-1.0.jar;C:\Users\tamimy\Downloads\JARS\jfoenix-8.0.8.jar;C:\Users\tamimy\Desktop\finaaaaaaaaaaaaaaaaaal\clientProject\build\classes
Launcher Type: SUN_STANDARD

Environment Variables:
CLASSPATH=C:\Program Files\Apache Software Foundation\Tomcat 8.0\lib\servlet-api.jar;
PATH=C:\Program Files\Java\jre1.8.0_112\bin;C:\ProgramData\Oracle\Java\javapath;C:\WINDOWS\system32;C:\WINDOWS;C:\WINDOWS\System32\Wbem;C:\WINDOWS\System32\WindowsPowerShell\v1.0\;C:\Program Files\Microsoft VS Code\bin;C:\Program Files\Git\cmd
USERNAME=tamimy
OS=Windows_NT
PROCESSOR_IDENTIFIER=Intel64 Family 6 Model 69 Stepping 1, GenuineIntel



---------------  S Y S T E M  ---------------

OS: Windows 10.0 , 64 bit Build 10586 (10.0.10586.0)

CPU:total 4 (2 cores per cpu, 2 threads per core) family 6 model 69 stepping 1, cmov, cx8, fxsr, mmx, sse, sse2, sse3, ssse3, sse4.1, sse4.2, popcnt, avx, avx2, aes, clmul, erms, lzcnt, ht, tsc, tscinvbit, bmi1, bmi2

Memory: 4k page, physical 16662892k(12387496k free), swap 19153260k(13430188k free)

vm_info: Java HotSpot(TM) 64-Bit Server VM (25.112-b15) for windows-amd64 JRE (1.8.0_112-b15), built on Sep 22 2016 21:31:56 by "java_re" with MS VC++ 10.0 (VS2010)

time: Mon Feb 17 03:14:19 2020
elapsed time: 5 seconds (0d 0h 0m 5s)

