#
# A fatal error has been detected by the Java Runtime Environment:
#
#  EXCEPTION_ACCESS_VIOLATION (0xc0000005) at pc=0x0000000063d114fa, pid=5880, tid=0x0000000000001d90
#
# JRE version: Java(TM) SE Runtime Environment (8.0_112-b15) (build 1.8.0_112-b15)
# Java VM: Java HotSpot(TM) 64-Bit Server VM (25.112-b15 mixed mode windows-amd64 compressed oops)
# Problematic frame:
# C  [glass.dll+0x114fa]
#
# Failed to write core dump. Minidumps are not enabled by default on client versions of Windows
#
# If you would like to submit a bug report, please visit:
#   http://bugreport.java.com/bugreport/crash.jsp
# The crash happened outside the Java Virtual Machine in native code.
# See problematic frame for where to report the bug.
#

---------------  T H R E A D  ---------------

Current thread (0x000000001d93d800):  JavaThread "JavaFX Application Thread" [_thread_in_native, id=7568, stack(0x000000001e370000,0x000000001e470000)]

siginfo: ExceptionCode=0xc0000005, reading address 0x000000002251c020

Registers:
RAX=0x000000000000d0cc, RBX=0x000000002251c020, RCX=0x0000000022546350, RDX=0x0000000000210017
RSP=0x000000001e46ca40, RBP=0x0000000000000000, RSI=0x00000000000000a1, RDI=0x0000000000000000
R8 =0x0000000000181500, R9 =0x0000000000000000, R10=0x0000000000000000, R11=0x0000000000000064
R12=0x000000002250ef50, R13=0x0000000000000001, R14=0x00000000000000a1, R15=0x0000000000000000
RIP=0x0000000063d114fa, EFLAGS=0x0000000000010212

Top of Stack: (sp=0x000000001e46ca40)
0x000000001e46ca40:   00000000224d07e0 000000001e46cb68
0x000000001e46ca50:   00000000224d0780 0000000000000000
0x000000001e46ca60:   000000001e46cc30 00000000ffffffff
0x000000001e46ca70:   0000000000000000 00000000224d0780
0x000000001e46ca80:   00000000224d07e0 00000000643d48b1
0x000000001e46ca90:   0000000022558550 00000000000000a8
0x000000001e46caa0:   0000000022580390 0000000022582390
0x000000001e46cab0:   0000000022582390 00000000000001ff
0x000000001e46cac0:   0000000000000200 000000003f800000
0x000000001e46cad0:   0000000000000000 fefefefefefefefe
0x000000001e46cae0:   0000000000000000 0000000000000000
0x000000001e46caf0:   0000000000000000 0000000022502010
0x000000001e46cb00:   0000000000000000 0000000000000000
0x000000001e46cb10:   0000000000000000 0000000000000000
0x000000001e46cb20:   0000000000000000 0000000022558430
0x000000001e46cb30:   0000000022558350 0000000000000000 

Instructions: (pc=0x0000000063d114fa)
0x0000000063d114da:   41 8b f6 49 8d 5c 24 04 45 85 ed 75 09 48 69 c6
0x0000000063d114ea:   50 02 00 00 eb 07 48 69 c6 4c 01 00 00 48 03 d8
0x0000000063d114fa:   f6 03 40 0f 84 d4 00 00 00 8b 43 44 89 84 24 98
0x0000000063d1150a:   00 00 00 8b 43 40 89 84 24 9c 00 00 00 41 b9 0a 


Register to memory mapping:

RAX=0x000000000000d0cc is an unknown value
RBX=0x000000002251c020 is an unknown value
RCX=0x0000000022546350 is an unknown value
RDX=0x0000000000210017 is an unknown value
RSP=0x000000001e46ca40 is pointing into the stack for thread: 0x000000001d93d800
RBP=0x0000000000000000 is an unknown value
RSI=0x00000000000000a1 is an unknown value
RDI=0x0000000000000000 is an unknown value
R8 =0x0000000000181500 is an unknown value
R9 =0x0000000000000000 is an unknown value
R10=0x0000000000000000 is an unknown value
R11=0x0000000000000064 is an unknown value
R12=0x000000002250ef50 is an unknown value
R13=0x0000000000000001 is an unknown value
R14=0x00000000000000a1 is an unknown value
R15=0x0000000000000000 is an unknown value


Stack: [0x000000001e370000,0x000000001e470000],  sp=0x000000001e46ca40,  free space=1010k
Native frames: (J=compiled Java code, j=interpreted, Vv=VM code, C=native code)

Java frames: (J=compiled Java code, j=interpreted, Vv=VM code)
j  com.sun.glass.ui.win.WinSystemClipboard.popMimesFromSystem()[Ljava/lang/String;+0
j  com.sun.glass.ui.win.WinSystemClipboard.mimesFromSystem()[Ljava/lang/String;+10
j  com.sun.glass.ui.SystemClipboard.getMimeTypes()[Ljava/lang/String;+16
j  com.sun.glass.ui.ClipboardAssistance.getMimeTypes()[Ljava/lang/String;+7
j  com.sun.javafx.tk.quantum.QuantumClipboard.hasContent(Ljavafx/scene/input/DataFormat;)Z+69
j  javafx.scene.input.Clipboard.hasContent(Ljavafx/scene/input/DataFormat;)Z+11
j  javafx.scene.input.Clipboard.hasString()Z+4
j  javafx.scene.control.TextInputControl.paste()V+5
j  com.sun.javafx.scene.control.behavior.TextInputControlBehavior.paste()V+9
j  com.sun.javafx.scene.control.behavior.TextInputControlBehavior.callAction(Ljava/lang/String;)V+75
j  com.sun.javafx.scene.control.behavior.BehaviorBase.callActionForEvent(Ljavafx/scene/input/KeyEvent;)V+12
j  com.sun.javafx.scene.control.behavior.TextInputControlBehavior.callActionForEvent(Ljavafx/scene/input/KeyEvent;)V+7
j  com.sun.javafx.scene.control.behavior.BehaviorBase.lambda$new$74(Ljavafx/scene/input/KeyEvent;)V+9
j  com.sun.javafx.scene.control.behavior.BehaviorBase$$Lambda$144.handle(Ljavafx/event/Event;)V+8
j  com.sun.javafx.event.CompositeEventHandler$NormalEventHandlerRecord.handleBubblingEvent(Ljavafx/event/Event;)V+5
j  com.sun.javafx.event.CompositeEventHandler.dispatchBubblingEvent(Ljavafx/event/Event;)V+28
J 1350 C1 com.sun.javafx.event.EventHandlerManager.dispatchBubblingEvent(Ljavafx/event/EventType;Ljavafx/event/Event;)Ljavafx/event/Event; (34 bytes) @ 0x00000000027c6834 [0x00000000027c62c0+0x574]
j  com.sun.javafx.event.EventHandlerManager.dispatchBubblingEvent(Ljavafx/event/Event;)Ljavafx/event/Event;+8
j  com.sun.javafx.event.CompositeEventDispatcher.dispatchBubblingEvent(Ljavafx/event/Event;)Ljavafx/event/Event;+11
j  com.sun.javafx.event.BasicEventDispatcher.dispatchEvent(Ljavafx/event/Event;Ljavafx/event/EventDispatchChain;)Ljavafx/event/Event;+29
J 1404 C1 com.sun.javafx.event.EventDispatchChainImpl.dispatchEvent(Ljavafx/event/Event;)Ljavafx/event/Event; (101 bytes) @ 0x00000000027d8d7c [0x00000000027d8bc0+0x1bc]
j  com.sun.javafx.event.BasicEventDispatcher.dispatchEvent(Ljavafx/event/Event;Ljavafx/event/EventDispatchChain;)Ljavafx/event/Event;+17
J 1404 C1 com.sun.javafx.event.EventDispatchChainImpl.dispatchEvent(Ljavafx/event/Event;)Ljavafx/event/Event; (101 bytes) @ 0x00000000027d8d7c [0x00000000027d8bc0+0x1bc]
j  com.sun.javafx.event.BasicEventDispatcher.dispatchEvent(Ljavafx/event/Event;Ljavafx/event/EventDispatchChain;)Ljavafx/event/Event;+17
J 1404 C1 com.sun.javafx.event.EventDispatchChainImpl.dispatchEvent(Ljavafx/event/Event;)Ljavafx/event/Event; (101 bytes) @ 0x00000000027d8d7c [0x00000000027d8bc0+0x1bc]
j  com.sun.javafx.event.EventUtil.fireEventImpl(Ljavafx/event/EventDispatchChain;Ljavafx/event/EventTarget;Ljavafx/event/Event;)Ljavafx/event/Event;+10
j  com.sun.javafx.event.EventUtil.fireEvent(Ljavafx/event/EventTarget;Ljavafx/event/Event;)Ljavafx/event/Event;+46
j  javafx.event.Event.fireEvent(Ljavafx/event/EventTarget;Ljavafx/event/Event;)V+30
j  javafx.scene.Scene$KeyHandler.process(Ljavafx/scene/input/KeyEvent;)V+23
j  javafx.scene.Scene$KeyHandler.access$1800(Ljavafx/scene/Scene$KeyHandler;Ljavafx/scene/input/KeyEvent;)V+2
j  javafx.scene.Scene.impl_processKeyEvent(Ljavafx/scene/input/KeyEvent;)V+28
j  javafx.scene.Scene$ScenePeerListener.keyEvent(Ljavafx/scene/input/KeyEvent;)V+5
j  com.sun.javafx.tk.quantum.GlassViewEventHandler$KeyEventNotification.run()Ljava/lang/Void;+357
j  com.sun.javafx.tk.quantum.GlassViewEventHandler$KeyEventNotification.run()Ljava/lang/Object;+1
v  ~StubRoutines::call_stub
J 1306  java.security.AccessController.doPrivileged(Ljava/security/PrivilegedAction;Ljava/security/AccessControlContext;)Ljava/lang/Object; (0 bytes) @ 0x00000000027aa426 [0x00000000027aa3c0+0x66]
j  com.sun.javafx.tk.quantum.GlassViewEventHandler.lambda$handleKeyEvent$353()Ljava/lang/Void;+11
j  com.sun.javafx.tk.quantum.GlassViewEventHandler$$Lambda$201.get()Ljava/lang/Object;+4
j  com.sun.javafx.tk.quantum.QuantumToolkit.runWithoutRenderLock(Ljava/util/function/Supplier;)Ljava/lang/Object;+18
j  com.sun.javafx.tk.quantum.GlassViewEventHandler.handleKeyEvent(Lcom/sun/glass/ui/View;JII[CI)V+58
j  com.sun.glass.ui.View.handleKeyEvent(JII[CI)V+20
j  com.sun.glass.ui.View.notifyKey(II[CI)V+9
v  ~StubRoutines::call_stub
j  com.sun.glass.ui.win.WinApplication._runLoop(Ljava/lang/Runnable;)V+0
j  com.sun.glass.ui.win.WinApplication.lambda$null$148(ILjava/lang/Runnable;)V+8
j  com.sun.glass.ui.win.WinApplication$$Lambda$38.run()V+12
j  java.lang.Thread.run()V+11
v  ~StubRoutines::call_stub

---------------  P R O C E S S  ---------------

Java Threads: ( => current thread )
  0x000000001dd02800 JavaThread "Prism Font Disposer" daemon [_thread_blocked, id=2120, stack(0x0000000024b70000,0x0000000024c70000)]
  0x000000001d9b8000 JavaThread "Thread-3" daemon [_thread_in_native, id=6444, stack(0x0000000022a20000,0x0000000022b20000)]
  0x000000001d9b1800 JavaThread "JavaFX-Launcher" [_thread_blocked, id=7728, stack(0x0000000022b20000,0x0000000022c20000)]
=>0x000000001d93d800 JavaThread "JavaFX Application Thread" [_thread_in_native, id=7568, stack(0x000000001e370000,0x000000001e470000)]
  0x000000001d937000 JavaThread "Thread-1" daemon [_thread_blocked, id=5284, stack(0x000000001e270000,0x000000001e370000)]
  0x000000001d8e3000 JavaThread "QuantumRenderer-0" daemon [_thread_blocked, id=6944, stack(0x000000001e090000,0x000000001e190000)]
  0x000000001d309800 JavaThread "Service Thread" daemon [_thread_blocked, id=3880, stack(0x000000001d690000,0x000000001d790000)]
  0x000000001b9a3000 JavaThread "C1 CompilerThread2" daemon [_thread_blocked, id=7128, stack(0x000000001d190000,0x000000001d290000)]
  0x000000001b95a800 JavaThread "C2 CompilerThread1" daemon [_thread_blocked, id=7000, stack(0x000000001d090000,0x000000001d190000)]
  0x000000001b957000 JavaThread "C2 CompilerThread0" daemon [_thread_blocked, id=5588, stack(0x000000001cf90000,0x000000001d090000)]
  0x000000001b955800 JavaThread "Attach Listener" daemon [_thread_blocked, id=6260, stack(0x000000001ce90000,0x000000001cf90000)]
  0x000000001b9a2800 JavaThread "Signal Dispatcher" daemon [_thread_blocked, id=3616, stack(0x000000001cd90000,0x000000001ce90000)]
  0x000000001b93a800 JavaThread "Finalizer" daemon [_thread_blocked, id=5200, stack(0x000000001cbb0000,0x000000001ccb0000)]
  0x000000000235f000 JavaThread "Reference Handler" daemon [_thread_blocked, id=6216, stack(0x000000001cab0000,0x000000001cbb0000)]
  0x0000000002270800 JavaThread "main" [_thread_blocked, id=5888, stack(0x0000000002170000,0x0000000002270000)]

Other Threads:
  0x000000001b917800 VMThread [stack: 0x000000001c9b0000,0x000000001cab0000] [id=1996]
  0x000000001d35a000 WatcherThread [stack: 0x000000001d790000,0x000000001d890000] [id=636]

VM state:not at safepoint (normal execution)

VM Mutex/Monitor currently owned by a thread: None

Heap:
 PSYoungGen      total 76288K, used 41158K [0x000000076b380000, 0x0000000770880000, 0x00000007c0000000)
  eden space 65536K, 62% used [0x000000076b380000,0x000000076dbb19c0,0x000000076f380000)
  from space 10752K, 0% used [0x000000076fe00000,0x000000076fe00000,0x0000000770880000)
  to   space 10752K, 0% used [0x000000076f380000,0x000000076f380000,0x000000076fe00000)
 ParOldGen       total 175104K, used 0K [0x00000006c1a00000, 0x00000006cc500000, 0x000000076b380000)
  object space 175104K, 0% used [0x00000006c1a00000,0x00000006c1a00000,0x00000006cc500000)
 Metaspace       used 16527K, capacity 17250K, committed 17408K, reserved 1064960K
  class space    used 2377K, capacity 2548K, committed 2560K, reserved 1048576K

Card table byte_map: [0x0000000011730000,0x0000000011f30000] byte_map_base: 0x000000000e123000

Marking Bits: (ParMarkBitMap*) 0x00000000649da6d0
 Begin Bits: [0x0000000012880000, 0x0000000016818000)
 End Bits:   [0x0000000016818000, 0x000000001a7b0000)

Polling page: 0x0000000000910000

CodeCache: size=245760Kb used=4579Kb max_used=4579Kb free=241180Kb
 bounds [0x0000000002370000, 0x00000000027f0000, 0x0000000011370000]
 total_blobs=2088 nmethods=1445 adapters=555
 compilation: enabled

Compilation events (10 events):
Event: 4.415 Thread 0x000000001b9a3000 1443       1       com.sun.javafx.sg.prism.NGNode::getNodeBlendMode (5 bytes)
Event: 4.415 Thread 0x000000001b9a3000 nmethod 1443 0x00000000027e9c50 code [0x00000000027e9da0, 0x00000000027e9eb0]
Event: 4.415 Thread 0x000000001b9a3000 1439       1       javafx.scene.input.MouseEvent::isSynthesized (5 bytes)
Event: 4.415 Thread 0x000000001b9a3000 nmethod 1439 0x00000000027e9f10 code [0x00000000027ea060, 0x00000000027ea170]
Event: 4.415 Thread 0x000000001b9a3000 1440       1       javafx.scene.input.MouseEvent::isPopupTrigger (5 bytes)
Event: 4.415 Thread 0x000000001b9a3000 nmethod 1440 0x00000000027ea1d0 code [0x00000000027ea320, 0x00000000027ea430]
Event: 4.419 Thread 0x000000001b9a3000 1444       3       java.util.regex.Pattern::isSupplementary (20 bytes)
Event: 4.420 Thread 0x000000001b9a3000 nmethod 1444 0x00000000027ea490 code [0x00000000027ea600, 0x00000000027ea8d0]
Event: 4.420 Thread 0x000000001b9a3000 1445       3       java.util.HashMap::tableSizeFor (59 bytes)
Event: 4.421 Thread 0x000000001b9a3000 nmethod 1445 0x00000000027ea990 code [0x00000000027eab00, 0x00000000027ead10]

GC Heap History (0 events):
No events

Deoptimization events (10 events):
Event: 1.341 Thread 0x000000001d93d800 Uncommon trap: reason=speculate_class_check action=maybe_recompile pc=0x00000000026e4058 method=com.sun.javafx.css.BitSet.containsAll(Ljava/util/Collection;)Z @ 18
Event: 1.341 Thread 0x000000001d93d800 Uncommon trap: reason=speculate_class_check action=maybe_recompile pc=0x00000000026e4058 method=com.sun.javafx.css.BitSet.containsAll(Ljava/util/Collection;)Z @ 18
Event: 1.341 Thread 0x000000001d93d800 Uncommon trap: reason=class_check action=maybe_recompile pc=0x0000000002498190 method=java.lang.String.equals(Ljava/lang/Object;)Z @ 8
Event: 1.341 Thread 0x000000001d93d800 Uncommon trap: reason=class_check action=maybe_recompile pc=0x0000000002498190 method=java.lang.String.equals(Ljava/lang/Object;)Z @ 8
Event: 1.341 Thread 0x000000001d93d800 Uncommon trap: reason=class_check action=maybe_recompile pc=0x0000000002498190 method=java.lang.String.equals(Ljava/lang/Object;)Z @ 8
Event: 1.341 Thread 0x000000001d93d800 Uncommon trap: reason=speculate_class_check action=maybe_recompile pc=0x00000000026e4058 method=com.sun.javafx.css.BitSet.containsAll(Ljava/util/Collection;)Z @ 18
Event: 1.341 Thread 0x000000001d93d800 Uncommon trap: reason=speculate_class_check action=maybe_recompile pc=0x00000000026e4058 method=com.sun.javafx.css.BitSet.containsAll(Ljava/util/Collection;)Z @ 18
Event: 1.343 Thread 0x000000001d93d800 Uncommon trap: reason=class_check action=maybe_recompile pc=0x0000000002498190 method=java.lang.String.equals(Ljava/lang/Object;)Z @ 8
Event: 1.445 Thread 0x000000001d93d800 Uncommon trap: reason=unstable_if action=reinterpret pc=0x00000000026ddcc8 method=java.lang.String.regionMatches(ZILjava/lang/String;II)Z @ 123
Event: 1.667 Thread 0x000000001d93d800 Uncommon trap: reason=unstable_if action=reinterpret pc=0x00000000026eb4b8 method=jdk.internal.org.objectweb.asm.Type.getArgumentsAndReturnSizes(Ljava/lang/String;)I @ 47

Internal exceptions (10 events):
Event: 0.593 Thread 0x000000001d93d800 Exception <a 'java/lang/NullPointerException'> (0x000000076c32d5e0) thrown at [C:\re\workspace\8-2-build-windows-amd64-cygwin\jdk8u112\7884\hotspot\src\share\vm\interpreter\linkResolver.cpp, line 1178]
Event: 0.593 Thread 0x000000001d93d800 Exception <a 'java/lang/NullPointerException'> (0x000000076c32d5e0) thrown at [C:\re\workspace\8-2-build-windows-amd64-cygwin\jdk8u112\7884\hotspot\src\share\vm\prims\jvm.cpp, line 1394]
Event: 0.686 Thread 0x000000001d93d800 Exception <a 'java/lang/ArrayIndexOutOfBoundsException': 58> (0x000000076c4d2dc8) thrown at [C:\re\workspace\8-2-build-windows-amd64-cygwin\jdk8u112\7884\hotspot\src\share\vm\interpreter\interpreterRuntime.cpp, line 366]
Event: 0.687 Thread 0x000000001d93d800 Exception <a 'java/lang/ArrayIndexOutOfBoundsException': 18> (0x000000076c4d3a68) thrown at [C:\re\workspace\8-2-build-windows-amd64-cygwin\jdk8u112\7884\hotspot\src\share\vm\interpreter\interpreterRuntime.cpp, line 366]
Event: 0.687 Thread 0x000000001d93d800 Exception <a 'java/lang/ArrayIndexOutOfBoundsException': 86> (0x000000076c4d4e10) thrown at [C:\re\workspace\8-2-build-windows-amd64-cygwin\jdk8u112\7884\hotspot\src\share\vm\interpreter\interpreterRuntime.cpp, line 366]
Event: 1.013 Thread 0x000000001d93d800 Exception <a 'java/lang/ArrayIndexOutOfBoundsException'> (0x000000076ca889b8) thrown at [C:\re\workspace\8-2-build-windows-amd64-cygwin\jdk8u112\7884\hotspot\src\share\vm\runtime\sharedRuntime.cpp, line 605]
Event: 1.078 Thread 0x000000001d93d800 Exception <a 'java/lang/ArrayIndexOutOfBoundsException'> (0x000000076cbc8ed8) thrown at [C:\re\workspace\8-2-build-windows-amd64-cygwin\jdk8u112\7884\hotspot\src\share\vm\runtime\sharedRuntime.cpp, line 605]
Event: 1.112 Thread 0x000000001d93d800 Implicit null exception at 0x000000000260b4f5 to 0x000000000260b6e9
Event: 1.112 Thread 0x000000001d93d800 Implicit null exception at 0x000000000267209b to 0x0000000002672a1d
Event: 1.142 Thread 0x000000001d93d800 Exception <a 'java/io/FileNotFoundException'> (0x000000076cd85f60) thrown at [C:\re\workspace\8-2-build-windows-amd64-cygwin\jdk8u112\7884\hotspot\src\share\vm\prims\jni.cpp, line 709]

Events (10 events):
Event: 4.276 loading class com/sun/javafx/scene/input/KeyCodeMap
Event: 4.276 loading class com/sun/javafx/scene/input/KeyCodeMap done
Event: 4.418 loading class com/sun/javafx/tk/quantum/QuantumClipboard
Event: 4.418 loading class com/sun/javafx/tk/quantum/QuantumClipboard done
Event: 4.419 loading class java/io/ObjectInput
Event: 4.419 loading class java/io/ObjectInput done
Event: 4.419 loading class java/io/ObjectOutput
Event: 4.419 loading class java/io/ObjectOutput done
Event: 4.419 loading class javafx/scene/input/DataFormat
Event: 4.419 loading class javafx/scene/input/DataFormat done


Dynamic libraries:
0x00007ff6ff1d0000 - 0x00007ff6ff207000 	C:\Program Files\Java\jdk1.8.0_112\bin\java.exe
0x00007ffaf5bc0000 - 0x00007ffaf5d81000 	C:\WINDOWS\SYSTEM32\ntdll.dll
0x00007ffaf4340000 - 0x00007ffaf43ed000 	C:\WINDOWS\system32\KERNEL32.DLL
0x00007ffaf22d0000 - 0x00007ffaf24b8000 	C:\WINDOWS\system32\KERNELBASE.dll
0x00007ffaf2fd0000 - 0x00007ffaf3077000 	C:\WINDOWS\system32\ADVAPI32.dll
0x00007ffaf5ac0000 - 0x00007ffaf5b5d000 	C:\WINDOWS\system32\msvcrt.dll
0x00007ffaf3300000 - 0x00007ffaf335b000 	C:\WINDOWS\system32\sechost.dll
0x00007ffaf3920000 - 0x00007ffaf3a3c000 	C:\WINDOWS\system32\RPCRT4.dll
0x00007ffaf4080000 - 0x00007ffaf41d6000 	C:\WINDOWS\system32\USER32.dll
0x00007ffaf3e80000 - 0x00007ffaf4006000 	C:\WINDOWS\system32\GDI32.dll
0x00007ffae7bd0000 - 0x00007ffae7e44000 	C:\WINDOWS\WinSxS\amd64_microsoft.windows.common-controls_6595b64144ccf1df_6.0.10586.0_none_8c15ae12515e1c22\COMCTL32.dll
0x00007ffaf36a0000 - 0x00007ffaf391d000 	C:\WINDOWS\system32\combase.dll
0x00007ffaf2580000 - 0x00007ffaf25ea000 	C:\WINDOWS\system32\bcryptPrimitives.dll
0x00007ffaf42f0000 - 0x00007ffaf432b000 	C:\WINDOWS\system32\IMM32.DLL
0x00000000640e0000 - 0x00000000641b2000 	C:\Program Files\Java\jdk1.8.0_112\jre\bin\msvcr100.dll
0x00000000641c0000 - 0x0000000064a5a000 	C:\Program Files\Java\jdk1.8.0_112\jre\bin\server\jvm.dll
0x00007ffaf4330000 - 0x00007ffaf4338000 	C:\WINDOWS\system32\PSAPI.DLL
0x00007ffae6640000 - 0x00007ffae6649000 	C:\WINDOWS\SYSTEM32\WSOCK32.dll
0x00007ffaf0520000 - 0x00007ffaf0543000 	C:\WINDOWS\SYSTEM32\WINMM.dll
0x00007ffae8010000 - 0x00007ffae801a000 	C:\WINDOWS\SYSTEM32\VERSION.dll
0x00007ffaf4010000 - 0x00007ffaf407b000 	C:\WINDOWS\system32\WS2_32.dll
0x0000000002140000 - 0x000000000216c000 	C:\WINDOWS\SYSTEM32\WINMMBASE.dll
0x00007ffaf2f70000 - 0x00007ffaf2fb3000 	C:\WINDOWS\system32\cfgmgr32.dll
0x0000000064090000 - 0x000000006409f000 	C:\Program Files\Java\jdk1.8.0_112\jre\bin\verify.dll
0x0000000064060000 - 0x0000000064089000 	C:\Program Files\Java\jdk1.8.0_112\jre\bin\java.dll
0x0000000064040000 - 0x0000000064056000 	C:\Program Files\Java\jdk1.8.0_112\jre\bin\zip.dll
0x00007ffaf4560000 - 0x00007ffaf5abf000 	C:\WINDOWS\system32\SHELL32.dll
0x00007ffaf25f0000 - 0x00007ffaf2c34000 	C:\WINDOWS\system32\windows.storage.dll
0x00007ffaf43f0000 - 0x00007ffaf4442000 	C:\WINDOWS\system32\shlwapi.dll
0x00007ffaf2260000 - 0x00007ffaf226f000 	C:\WINDOWS\system32\kernel.appcore.dll
0x00007ffaf24c0000 - 0x00007ffaf2575000 	C:\WINDOWS\system32\shcore.dll
0x00007ffaf21e0000 - 0x00007ffaf222b000 	C:\WINDOWS\system32\powrprof.dll
0x00007ffaf2230000 - 0x00007ffaf2244000 	C:\WINDOWS\system32\profapi.dll
0x00007ffae3360000 - 0x00007ffae344f000 	C:\Program Files\Java\jdk1.8.0_112\jre\bin\msvcr120.dll
0x00007ffae32b0000 - 0x00007ffae3356000 	C:\Program Files\Java\jdk1.8.0_112\jre\bin\msvcp120.dll
0x0000000063d50000 - 0x0000000063d72000 	C:\Program Files\Java\jdk1.8.0_112\jre\bin\prism_d3d.dll
0x00007ffae2eb0000 - 0x00007ffae30c0000 	C:\WINDOWS\system32\d3d9.dll
0x00007ffaeff00000 - 0x00007ffaeff22000 	C:\WINDOWS\SYSTEM32\dwmapi.dll
0x00007ffaf0ab0000 - 0x00007ffaf0b46000 	C:\WINDOWS\system32\uxtheme.dll
0x00007ffabfbb0000 - 0x00007ffac20ed000 	C:\WINDOWS\SYSTEM32\igdumdim64.dll
0x00007ffaf3230000 - 0x00007ffaf32f1000 	C:\WINDOWS\system32\OLEAUT32.dll
0x00007ffaf3360000 - 0x00007ffaf34a3000 	C:\WINDOWS\system32\ole32.dll
0x00007ffaf3a50000 - 0x00007ffaf3e79000 	C:\WINDOWS\system32\SETUPAPI.dll
0x0000000063d00000 - 0x0000000063d43000 	C:\Program Files\Java\jdk1.8.0_112\jre\bin\glass.dll
0x00007ffaf4450000 - 0x00007ffaf455b000 	C:\WINDOWS\system32\COMDLG32.dll
0x00007ffaf2cf0000 - 0x00007ffaf2d76000 	C:\WINDOWS\system32\FirewallAPI.dll
0x00007ffaf2d80000 - 0x00007ffaf2d97000 	C:\WINDOWS\system32\NETAPI32.dll
0x00007ffaf0830000 - 0x00007ffaf083c000 	C:\WINDOWS\SYSTEM32\DAVHLPR.DLL
0x00007ffaf0f60000 - 0x00007ffaf0f92000 	C:\WINDOWS\SYSTEM32\fwbase.dll
0x00007ffaf3540000 - 0x00007ffaf369a000 	C:\WINDOWS\system32\MSCTF.dll
0x00007ffaec120000 - 0x00007ffaecb5f000 	C:\WINDOWS\SYSTEM32\igdusc64.dll
0x0000000063ce0000 - 0x0000000063cf4000 	C:\Program Files\Java\jdk1.8.0_112\jre\bin\javafx_font.dll
0x00007ffae6930000 - 0x00007ffae6b90000 	C:\WINDOWS\SYSTEM32\dwrite.dll
0x00007ffaf41e0000 - 0x00007ffaf4287000 	C:\WINDOWS\system32\clbcatq.dll
0x00007ffaee6d0000 - 0x00007ffaee881000 	C:\WINDOWS\SYSTEM32\WindowsCodecs.dll
0x00007ffae1d40000 - 0x00007ffae1d8a000 	C:\WINDOWS\system32\dataexchange.dll
0x00007ffaefa70000 - 0x00007ffaefd18000 	C:\WINDOWS\system32\d3d11.dll
0x00007ffaf0740000 - 0x00007ffaf0823000 	C:\WINDOWS\system32\dcomp.dll
0x00007ffaef960000 - 0x00007ffaefa02000 	C:\WINDOWS\system32\dxgi.dll
0x00007ffaf0d00000 - 0x00007ffaf0e00000 	C:\WINDOWS\system32\twinapi.appcore.dll
0x00007ffaf1de0000 - 0x00007ffaf1e09000 	C:\WINDOWS\system32\bcrypt.dll
0x00007ffae4db0000 - 0x00007ffae4de4000 	C:\Program Files\Common Files\Microsoft Shared\Ink\rtscom.dll
0x0000000063cc0000 - 0x0000000063cd1000 	C:\Program Files\Java\jdk1.8.0_112\jre\bin\prism_common.dll
0x00007ffade1d0000 - 0x00007ffade220000 	C:\WINDOWS\SYSTEM32\edputil.dll
0x00007ffad2b70000 - 0x00007ffad2cfc000 	C:\WINDOWS\SYSTEM32\dbghelp.dll

VM Arguments:
jvm_args: -Dfile.encoding=UTF-8 
java_command: application.ToDoApplication
java_class_path (initial): C:\Program Files\Java\jdk1.8.0_112\db\lib\derby.jar;C:\Program Files\Java\jdk1.8.0_112\db\lib\derbyclient.jar;C:\Program Files\Java\jdk1.8.0_112\db\lib\derbynet.jar;C:\Users\tamimy\Downloads\JARS\controlsfx-8.40.13.jar;C:\Users\tamimy\Downloads\JARS\gson-2.2.2.jar;C:\Users\tamimy\Downloads\JARS\java-json.jar;C:\Users\tamimy\Downloads\JARS\javax.json-1.0.jar;C:\Users\tamimy\Downloads\JARS\jfoenix-8.0.8.jar;C:\Users\tamimy\Desktop\finaaaaaaaaaaaaaaaaaal\clientProject\build\classes
Launcher Type: SUN_STANDARD

Environment Variables:
CLASSPATH=C:\Program Files\Apache Software Foundation\Tomcat 8.0\lib\servlet-api.jar;
PATH=C:\Program Files\Java\jre1.8.0_112\bin;C:\ProgramData\Oracle\Java\javapath;C:\WINDOWS\system32;C:\WINDOWS;C:\WINDOWS\System32\Wbem;C:\WINDOWS\System32\WindowsPowerShell\v1.0\;C:\Program Files\Microsoft VS Code\bin;C:\Program Files\Git\cmd
USERNAME=tamimy
OS=Windows_NT
PROCESSOR_IDENTIFIER=Intel64 Family 6 Model 69 Stepping 1, GenuineIntel



---------------  S Y S T E M  ---------------

OS: Windows 10.0 , 64 bit Build 10586 (10.0.10586.0)

CPU:total 4 (2 cores per cpu, 2 threads per core) family 6 model 69 stepping 1, cmov, cx8, fxsr, mmx, sse, sse2, sse3, ssse3, sse4.1, sse4.2, popcnt, avx, avx2, aes, clmul, erms, lzcnt, ht, tsc, tscinvbit, bmi1, bmi2

Memory: 4k page, physical 16662892k(12374932k free), swap 19153260k(13421224k free)

vm_info: Java HotSpot(TM) 64-Bit Server VM (25.112-b15) for windows-amd64 JRE (1.8.0_112-b15), built on Sep 22 2016 21:31:56 by "java_re" with MS VC++ 10.0 (VS2010)

time: Mon Feb 17 03:13:19 2020
elapsed time: 4 seconds (0d 0h 0m 4s)

